{"/Users/erz/code/yahoo/blink-diff/index.js":{"path":"/Users/erz/code/yahoo/blink-diff/index.js","s":{"1":1,"2":1,"3":83,"4":83,"5":83,"6":83,"7":83,"8":83,"9":83,"10":83,"11":83,"12":83,"13":83,"14":83,"15":83,"16":83,"17":83,"18":83,"19":83,"20":83,"21":83,"22":83,"23":83,"24":83,"25":0,"26":0,"27":0,"28":0,"29":0,"30":83,"31":83,"32":83,"33":83,"34":83,"35":83,"36":83,"37":83,"38":83,"39":83,"40":83,"41":83,"42":83,"43":83,"44":83,"45":83,"46":83,"47":83,"48":83,"49":83,"50":83,"51":83,"52":1,"53":1,"54":1,"55":1,"56":1,"57":1,"58":1,"59":1,"60":1,"61":11,"62":11,"63":0,"64":0,"65":11,"66":11,"67":11,"68":11,"69":11,"70":11,"71":11,"72":2,"73":2,"74":11,"75":2,"76":2,"77":11,"78":11,"79":11,"80":9,"81":2,"82":1,"83":11,"84":11,"85":11,"86":0,"87":11,"88":11,"89":11,"90":1,"91":1,"92":0,"93":1,"94":1,"95":10,"96":0,"97":0,"98":11,"99":11,"100":0,"101":0,"102":0,"103":0,"104":0,"105":0,"106":0,"107":0,"108":0,"109":0,"110":0,"111":11,"112":25,"113":23,"114":2,"115":1,"116":1,"117":11,"118":15,"119":7,"120":8,"121":2,"122":6,"123":4,"124":16,"125":16,"126":15,"127":15,"128":2,"129":15,"130":15,"131":3,"132":15,"133":15,"134":15,"135":5,"136":5,"137":23,"138":23,"139":23,"140":23,"141":23,"142":23,"143":23,"144":23,"145":23,"146":23,"147":23,"148":23,"149":197,"150":197,"151":197,"152":197,"153":197,"154":197,"155":252,"156":252,"157":252,"158":0,"159":0,"160":0,"161":252,"162":0,"163":0,"164":0,"165":0,"166":0,"167":0,"168":0,"169":0,"170":0,"171":84,"172":84,"173":84,"174":84,"175":84,"176":84,"177":1,"178":1,"179":3,"180":1,"181":1,"182":1,"183":1,"184":1,"185":1,"186":1,"187":1,"188":56,"189":56,"190":40,"191":40,"192":28,"193":28,"194":28,"195":28,"196":28,"197":52,"198":98,"199":70,"200":70,"201":70,"202":70,"203":70,"204":70,"205":8,"206":32,"207":17,"208":17,"209":29,"210":56,"211":56,"212":56,"213":56,"214":56,"215":32,"216":0,"217":32,"218":32,"219":24,"220":17,"221":14,"222":14,"223":14,"224":14,"225":14,"226":14,"227":5,"228":5,"229":5,"230":9,"231":5,"232":5,"233":5,"234":5,"235":4,"236":4,"237":4,"238":4,"239":1},"b":{"1":[83,1],"2":[83,1],"3":[83,83],"4":[83,83],"5":[83,83],"6":[83,83],"7":[83,83],"8":[83,83],"9":[83,83],"10":[83,83],"11":[83,83],"12":[83,83],"13":[83,83],"14":[83,83],"15":[0,83],"16":[83,83],"17":[83,83],"18":[83,83],"19":[83,83],"20":[83,83],"21":[83,83],"22":[83,83],"23":[83,83],"24":[83,83],"25":[83,83],"26":[83,83],"27":[83,83],"28":[83,83],"29":[83,83],"30":[83,83],"31":[2,9],"32":[2,9],"33":[9,2],"34":[1,1],"35":[0,11],"36":[11,11,11,11],"37":[0,0],"38":[0,0],"39":[0,0],"40":[1,10],"41":[0,1],"42":[0,11],"43":[0,0],"44":[0,0,0],"45":[23,2],"46":[1,1],"47":[7,8],"48":[15,12],"49":[2,6],"50":[4,3],"51":[15,1],"52":[16,3],"53":[2,13],"54":[3,12],"55":[23,6],"56":[23,6],"57":[23,2],"58":[23,2],"59":[0,252],"60":[252,252],"61":[0,0],"62":[0,0,0,0],"63":[0,0],"64":[0,0],"65":[0,0],"66":[3,0],"67":[56,0],"68":[56,0],"69":[28,12],"70":[40,12],"71":[70,28],"72":[98,54],"73":[8,62],"74":[70,8],"75":[32,24],"76":[0,32],"77":[32,8],"78":[5,9],"79":[5,4]},"f":{"1":83,"2":1,"3":11,"4":0,"5":11,"6":11,"7":11,"8":1,"9":0,"10":11,"11":25,"12":11,"13":15,"14":44,"15":4,"16":16,"17":5,"18":23,"19":197,"20":252,"21":0,"22":84,"23":1,"24":3,"25":56,"26":56,"27":40,"28":17,"29":14},"fnMap":{"1":{"name":"BlinkDiff","line":115,"loc":{"start":{"line":115,"column":0},"end":{"line":115,"column":29}}},"2":{"name":"(anonymous_2)","line":271,"loc":{"start":{"line":271,"column":20},"end":{"line":271,"column":32}}},"3":{"name":"(anonymous_3)","line":291,"loc":{"start":{"line":291,"column":9},"end":{"line":291,"column":23}}},"4":{"name":"(anonymous_4)","line":296,"loc":{"start":{"line":296,"column":23},"end":{"line":296,"column":39}}},"5":{"name":"(anonymous_5)","line":301,"loc":{"start":{"line":301,"column":21},"end":{"line":301,"column":33}}},"6":{"name":"(anonymous_6)","line":304,"loc":{"start":{"line":304,"column":27},"end":{"line":304,"column":45}}},"7":{"name":"(anonymous_7)","line":308,"loc":{"start":{"line":308,"column":27},"end":{"line":308,"column":45}}},"8":{"name":"(anonymous_8)","line":378,"loc":{"start":{"line":378,"column":68},"end":{"line":378,"column":83}}},"9":{"name":"(anonymous_9)","line":390,"loc":{"start":{"line":390,"column":33},"end":{"line":390,"column":48}}},"10":{"name":"(anonymous_10)","line":406,"loc":{"start":{"line":406,"column":24},"end":{"line":406,"column":63}}},"11":{"name":"(anonymous_11)","line":443,"loc":{"start":{"line":443,"column":16},"end":{"line":443,"column":39}}},"12":{"name":"(anonymous_12)","line":461,"loc":{"start":{"line":461,"column":16},"end":{"line":461,"column":46}}},"13":{"name":"(anonymous_13)","line":480,"loc":{"start":{"line":480,"column":22},"end":{"line":480,"column":46}}},"14":{"name":"(anonymous_14)","line":499,"loc":{"start":{"line":499,"column":9},"end":{"line":499,"column":25}}},"15":{"name":"(anonymous_15)","line":511,"loc":{"start":{"line":511,"column":15},"end":{"line":511,"column":33}}},"16":{"name":"(anonymous_16)","line":524,"loc":{"start":{"line":524,"column":11},"end":{"line":524,"column":37}}},"17":{"name":"(anonymous_17)","line":561,"loc":{"start":{"line":561,"column":11},"end":{"line":561,"column":41}}},"18":{"name":"(anonymous_18)","line":584,"loc":{"start":{"line":584,"column":21},"end":{"line":584,"column":52}}},"19":{"name":"(anonymous_19)","line":623,"loc":{"start":{"line":623,"column":17},"end":{"line":623,"column":43}}},"20":{"name":"(anonymous_20)","line":645,"loc":{"start":{"line":645,"column":15},"end":{"line":645,"column":56}}},"21":{"name":"(anonymous_21)","line":674,"loc":{"start":{"line":674,"column":19},"end":{"line":674,"column":43}}},"22":{"name":"(anonymous_22)","line":707,"loc":{"start":{"line":707,"column":22},"end":{"line":707,"column":39}}},"23":{"name":"(anonymous_23)","line":726,"loc":{"start":{"line":726,"column":25},"end":{"line":726,"column":42}}},"24":{"name":"f","line":730,"loc":{"start":{"line":730,"column":8},"end":{"line":730,"column":23}}},"25":{"name":"(anonymous_25)","line":755,"loc":{"start":{"line":755,"column":26},"end":{"line":755,"column":55}}},"26":{"name":"(anonymous_26)","line":768,"loc":{"start":{"line":768,"column":26},"end":{"line":768,"column":55}}},"27":{"name":"(anonymous_27)","line":790,"loc":{"start":{"line":790,"column":19},"end":{"line":790,"column":124}}},"28":{"name":"(anonymous_28)","line":867,"loc":{"start":{"line":867,"column":19},"end":{"line":867,"column":176}}},"29":{"name":"(anonymous_29)","line":935,"loc":{"start":{"line":935,"column":14},"end":{"line":935,"column":156}}}},"statementMap":{"1":{"start":{"line":4,"column":0},"end":{"line":6,"column":33}},"2":{"start":{"line":115,"column":0},"end":{"line":189,"column":1}},"3":{"start":{"line":117,"column":4},"end":{"line":117,"column":34}},"4":{"start":{"line":118,"column":4},"end":{"line":118,"column":42}},"5":{"start":{"line":119,"column":4},"end":{"line":119,"column":82}},"6":{"start":{"line":121,"column":4},"end":{"line":121,"column":34}},"7":{"start":{"line":122,"column":4},"end":{"line":122,"column":42}},"8":{"start":{"line":123,"column":4},"end":{"line":123,"column":82}},"9":{"start":{"line":125,"column":4},"end":{"line":125,"column":29}},"10":{"start":{"line":126,"column":4},"end":{"line":126,"column":52}},"11":{"start":{"line":129,"column":4},"end":{"line":129,"column":77}},"12":{"start":{"line":132,"column":4},"end":{"line":132,"column":47}},"13":{"start":{"line":134,"column":4},"end":{"line":134,"column":38}},"14":{"start":{"line":136,"column":4},"end":{"line":136,"column":55}},"15":{"start":{"line":137,"column":4},"end":{"line":137,"column":57}},"16":{"start":{"line":138,"column":4},"end":{"line":138,"column":55}},"17":{"start":{"line":139,"column":4},"end":{"line":139,"column":59}},"18":{"start":{"line":140,"column":4},"end":{"line":140,"column":63}},"19":{"start":{"line":142,"column":4},"end":{"line":142,"column":65}},"20":{"start":{"line":143,"column":4},"end":{"line":143,"column":69}},"21":{"start":{"line":144,"column":4},"end":{"line":144,"column":67}},"22":{"start":{"line":145,"column":4},"end":{"line":145,"column":64}},"23":{"start":{"line":146,"column":4},"end":{"line":146,"column":75}},"24":{"start":{"line":148,"column":4},"end":{"line":161,"column":5}},"25":{"start":{"line":149,"column":8},"end":{"line":149,"column":57}},"26":{"start":{"line":150,"column":8},"end":{"line":150,"column":61}},"27":{"start":{"line":151,"column":8},"end":{"line":151,"column":59}},"28":{"start":{"line":152,"column":8},"end":{"line":152,"column":61}},"29":{"start":{"line":153,"column":8},"end":{"line":153,"column":65}},"30":{"start":{"line":156,"column":8},"end":{"line":156,"column":61}},"31":{"start":{"line":157,"column":8},"end":{"line":157,"column":65}},"32":{"start":{"line":158,"column":8},"end":{"line":158,"column":61}},"33":{"start":{"line":159,"column":8},"end":{"line":159,"column":65}},"34":{"start":{"line":160,"column":8},"end":{"line":160,"column":69}},"35":{"start":{"line":163,"column":4},"end":{"line":163,"column":66}},"36":{"start":{"line":164,"column":4},"end":{"line":164,"column":67}},"37":{"start":{"line":166,"column":4},"end":{"line":166,"column":40}},"38":{"start":{"line":168,"column":4},"end":{"line":168,"column":41}},"39":{"start":{"line":170,"column":4},"end":{"line":170,"column":52}},"40":{"start":{"line":171,"column":4},"end":{"line":171,"column":67}},"41":{"start":{"line":172,"column":4},"end":{"line":172,"column":67}},"42":{"start":{"line":174,"column":4},"end":{"line":174,"column":39}},"43":{"start":{"line":175,"column":4},"end":{"line":175,"column":39}},"44":{"start":{"line":177,"column":4},"end":{"line":177,"column":42}},"45":{"start":{"line":178,"column":4},"end":{"line":178,"column":42}},"46":{"start":{"line":181,"column":4},"end":{"line":181,"column":71}},"47":{"start":{"line":183,"column":4},"end":{"line":183,"column":51}},"48":{"start":{"line":185,"column":4},"end":{"line":185,"column":32}},"49":{"start":{"line":186,"column":4},"end":{"line":186,"column":34}},"50":{"start":{"line":187,"column":4},"end":{"line":187,"column":34}},"51":{"start":{"line":188,"column":4},"end":{"line":188,"column":34}},"52":{"start":{"line":199,"column":0},"end":{"line":199,"column":54}},"53":{"start":{"line":209,"column":0},"end":{"line":209,"column":36}},"54":{"start":{"line":218,"column":0},"end":{"line":218,"column":40}},"55":{"start":{"line":228,"column":0},"end":{"line":228,"column":29}},"56":{"start":{"line":237,"column":0},"end":{"line":237,"column":31}},"57":{"start":{"line":246,"column":0},"end":{"line":246,"column":31}},"58":{"start":{"line":255,"column":0},"end":{"line":255,"column":29}},"59":{"start":{"line":258,"column":0},"end":{"line":985,"column":2}},"60":{"start":{"line":272,"column":8},"end":{"line":272,"column":54}},"61":{"start":{"line":293,"column":8},"end":{"line":294,"column":19}},"62":{"start":{"line":296,"column":8},"end":{"line":299,"column":21}},"63":{"start":{"line":297,"column":12},"end":{"line":297,"column":39}},"64":{"start":{"line":298,"column":12},"end":{"line":298,"column":46}},"65":{"start":{"line":301,"column":8},"end":{"line":393,"column":11}},"66":{"start":{"line":302,"column":12},"end":{"line":302,"column":67}},"67":{"start":{"line":305,"column":12},"end":{"line":305,"column":34}},"68":{"start":{"line":306,"column":12},"end":{"line":306,"column":67}},"69":{"start":{"line":309,"column":12},"end":{"line":309,"column":22}},"70":{"start":{"line":311,"column":12},"end":{"line":311,"column":34}},"71":{"start":{"line":314,"column":12},"end":{"line":317,"column":13}},"72":{"start":{"line":315,"column":16},"end":{"line":315,"column":106}},"73":{"start":{"line":316,"column":16},"end":{"line":316,"column":70}},"74":{"start":{"line":318,"column":12},"end":{"line":321,"column":13}},"75":{"start":{"line":319,"column":16},"end":{"line":319,"column":106}},"76":{"start":{"line":320,"column":16},"end":{"line":320,"column":70}},"77":{"start":{"line":324,"column":12},"end":{"line":324,"column":51}},"78":{"start":{"line":326,"column":12},"end":{"line":326,"column":104}},"79":{"start":{"line":328,"column":12},"end":{"line":332,"column":13}},"80":{"start":{"line":329,"column":16},"end":{"line":329,"column":65}},"81":{"start":{"line":330,"column":19},"end":{"line":332,"column":13}},"82":{"start":{"line":331,"column":16},"end":{"line":331,"column":65}},"83":{"start":{"line":334,"column":12},"end":{"line":334,"column":88}},"84":{"start":{"line":335,"column":12},"end":{"line":335,"column":88}},"85":{"start":{"line":337,"column":12},"end":{"line":343,"column":13}},"86":{"start":{"line":338,"column":16},"end":{"line":342,"column":18}},"87":{"start":{"line":345,"column":12},"end":{"line":371,"column":14}},"88":{"start":{"line":374,"column":12},"end":{"line":374,"column":117}},"89":{"start":{"line":377,"column":12},"end":{"line":388,"column":13}},"90":{"start":{"line":378,"column":16},"end":{"line":385,"column":30}},"91":{"start":{"line":379,"column":20},"end":{"line":384,"column":21}},"92":{"start":{"line":380,"column":24},"end":{"line":380,"column":32}},"93":{"start":{"line":382,"column":24},"end":{"line":382,"column":82}},"94":{"start":{"line":383,"column":24},"end":{"line":383,"column":46}},"95":{"start":{"line":387,"column":16},"end":{"line":387,"column":38}},"96":{"start":{"line":391,"column":12},"end":{"line":391,"column":37}},"97":{"start":{"line":392,"column":12},"end":{"line":392,"column":20}},"98":{"start":{"line":408,"column":8},"end":{"line":410,"column":32}},"99":{"start":{"line":412,"column":8},"end":{"line":429,"column":9}},"100":{"start":{"line":413,"column":12},"end":{"line":413,"column":67}},"101":{"start":{"line":414,"column":12},"end":{"line":414,"column":70}},"102":{"start":{"line":416,"column":12},"end":{"line":428,"column":13}},"103":{"start":{"line":417,"column":16},"end":{"line":417,"column":64}},"104":{"start":{"line":419,"column":16},"end":{"line":419,"column":110}},"105":{"start":{"line":420,"column":16},"end":{"line":420,"column":130}},"106":{"start":{"line":421,"column":16},"end":{"line":421,"column":119}},"107":{"start":{"line":423,"column":16},"end":{"line":423,"column":64}},"108":{"start":{"line":425,"column":16},"end":{"line":425,"column":110}},"109":{"start":{"line":426,"column":16},"end":{"line":426,"column":129}},"110":{"start":{"line":427,"column":16},"end":{"line":427,"column":118}},"111":{"start":{"line":431,"column":8},"end":{"line":431,"column":21}},"112":{"start":{"line":444,"column":8},"end":{"line":450,"column":9}},"113":{"start":{"line":445,"column":12},"end":{"line":445,"column":25}},"114":{"start":{"line":446,"column":15},"end":{"line":450,"column":9}},"115":{"start":{"line":447,"column":12},"end":{"line":447,"column":64}},"116":{"start":{"line":449,"column":12},"end":{"line":449,"column":63}},"117":{"start":{"line":462,"column":8},"end":{"line":468,"column":10}},"118":{"start":{"line":482,"column":8},"end":{"line":487,"column":9}},"119":{"start":{"line":483,"column":12},"end":{"line":483,"column":24}},"120":{"start":{"line":485,"column":15},"end":{"line":487,"column":9}},"121":{"start":{"line":486,"column":12},"end":{"line":486,"column":24}},"122":{"start":{"line":489,"column":8},"end":{"line":489,"column":21}},"123":{"start":{"line":512,"column":8},"end":{"line":512,"column":98}},"124":{"start":{"line":526,"column":8},"end":{"line":527,"column":22}},"125":{"start":{"line":529,"column":8},"end":{"line":545,"column":9}},"126":{"start":{"line":531,"column":12},"end":{"line":531,"column":41}},"127":{"start":{"line":532,"column":12},"end":{"line":534,"column":13}},"128":{"start":{"line":533,"column":16},"end":{"line":533,"column":45}},"129":{"start":{"line":536,"column":12},"end":{"line":536,"column":43}},"130":{"start":{"line":537,"column":12},"end":{"line":539,"column":13}},"131":{"start":{"line":538,"column":16},"end":{"line":538,"column":47}},"132":{"start":{"line":541,"column":12},"end":{"line":541,"column":68}},"133":{"start":{"line":543,"column":12},"end":{"line":543,"column":51}},"134":{"start":{"line":544,"column":12},"end":{"line":544,"column":51}},"135":{"start":{"line":563,"column":8},"end":{"line":563,"column":117}},"136":{"start":{"line":565,"column":8},"end":{"line":565,"column":60}},"137":{"start":{"line":587,"column":8},"end":{"line":587,"column":29}},"138":{"start":{"line":588,"column":8},"end":{"line":588,"column":29}},"139":{"start":{"line":589,"column":8},"end":{"line":589,"column":41}},"140":{"start":{"line":590,"column":8},"end":{"line":590,"column":44}},"141":{"start":{"line":593,"column":8},"end":{"line":593,"column":37}},"142":{"start":{"line":594,"column":8},"end":{"line":594,"column":37}},"143":{"start":{"line":595,"column":8},"end":{"line":595,"column":45}},"144":{"start":{"line":596,"column":8},"end":{"line":596,"column":47}},"145":{"start":{"line":599,"column":8},"end":{"line":599,"column":45}},"146":{"start":{"line":600,"column":8},"end":{"line":600,"column":46}},"147":{"start":{"line":601,"column":8},"end":{"line":601,"column":58}},"148":{"start":{"line":602,"column":8},"end":{"line":602,"column":61}},"149":{"start":{"line":624,"column":8},"end":{"line":624,"column":27}},"150":{"start":{"line":626,"column":8},"end":{"line":626,"column":48}},"151":{"start":{"line":627,"column":8},"end":{"line":627,"column":48}},"152":{"start":{"line":628,"column":8},"end":{"line":628,"column":48}},"153":{"start":{"line":629,"column":8},"end":{"line":629,"column":48}},"154":{"start":{"line":631,"column":8},"end":{"line":631,"column":44}},"155":{"start":{"line":647,"column":8},"end":{"line":647,"column":18}},"156":{"start":{"line":649,"column":8},"end":{"line":654,"column":10}},"157":{"start":{"line":656,"column":8},"end":{"line":660,"column":9}},"158":{"start":{"line":657,"column":12},"end":{"line":657,"column":53}},"159":{"start":{"line":658,"column":12},"end":{"line":658,"column":49}},"160":{"start":{"line":659,"column":12},"end":{"line":659,"column":52}},"161":{"start":{"line":662,"column":8},"end":{"line":662,"column":21}},"162":{"start":{"line":677,"column":8},"end":{"line":682,"column":10}},"163":{"start":{"line":684,"column":8},"end":{"line":694,"column":9}},"164":{"start":{"line":685,"column":12},"end":{"line":687,"column":13}},"165":{"start":{"line":686,"column":16},"end":{"line":686,"column":57}},"166":{"start":{"line":688,"column":12},"end":{"line":690,"column":13}},"167":{"start":{"line":689,"column":16},"end":{"line":689,"column":57}},"168":{"start":{"line":691,"column":12},"end":{"line":693,"column":13}},"169":{"start":{"line":692,"column":16},"end":{"line":692,"column":57}},"170":{"start":{"line":696,"column":8},"end":{"line":696,"column":22}},"171":{"start":{"line":708,"column":8},"end":{"line":708,"column":24}},"172":{"start":{"line":710,"column":8},"end":{"line":710,"column":87}},"173":{"start":{"line":711,"column":8},"end":{"line":711,"column":87}},"174":{"start":{"line":712,"column":8},"end":{"line":712,"column":64}},"175":{"start":{"line":713,"column":8},"end":{"line":713,"column":29}},"176":{"start":{"line":715,"column":8},"end":{"line":715,"column":22}},"177":{"start":{"line":727,"column":8},"end":{"line":728,"column":23}},"178":{"start":{"line":730,"column":8},"end":{"line":732,"column":9}},"179":{"start":{"line":731,"column":12},"end":{"line":731,"column":104}},"180":{"start":{"line":734,"column":8},"end":{"line":734,"column":45}},"181":{"start":{"line":735,"column":8},"end":{"line":735,"column":45}},"182":{"start":{"line":736,"column":8},"end":{"line":736,"column":45}},"183":{"start":{"line":738,"column":8},"end":{"line":738,"column":36}},"184":{"start":{"line":739,"column":8},"end":{"line":739,"column":36}},"185":{"start":{"line":740,"column":8},"end":{"line":740,"column":36}},"186":{"start":{"line":741,"column":8},"end":{"line":741,"column":29}},"187":{"start":{"line":743,"column":8},"end":{"line":743,"column":22}},"188":{"start":{"line":756,"column":8},"end":{"line":756,"column":75}},"189":{"start":{"line":769,"column":8},"end":{"line":769,"column":61}},"190":{"start":{"line":792,"column":8},"end":{"line":798,"column":32}},"191":{"start":{"line":800,"column":8},"end":{"line":827,"column":9}},"192":{"start":{"line":802,"column":12},"end":{"line":802,"column":59}},"193":{"start":{"line":803,"column":12},"end":{"line":803,"column":68}},"194":{"start":{"line":805,"column":12},"end":{"line":805,"column":59}},"195":{"start":{"line":806,"column":12},"end":{"line":806,"column":69}},"196":{"start":{"line":808,"column":12},"end":{"line":826,"column":13}},"197":{"start":{"line":809,"column":16},"end":{"line":825,"column":17}},"198":{"start":{"line":811,"column":20},"end":{"line":824,"column":21}},"199":{"start":{"line":813,"column":24},"end":{"line":813,"column":70}},"200":{"start":{"line":815,"column":24},"end":{"line":815,"column":78}},"201":{"start":{"line":816,"column":24},"end":{"line":816,"column":78}},"202":{"start":{"line":818,"column":24},"end":{"line":818,"column":78}},"203":{"start":{"line":819,"column":24},"end":{"line":819,"column":64}},"204":{"start":{"line":821,"column":24},"end":{"line":823,"column":25}},"205":{"start":{"line":822,"column":28},"end":{"line":822,"column":40}},"206":{"start":{"line":829,"column":8},"end":{"line":829,"column":21}},"207":{"start":{"line":868,"column":8},"end":{"line":872,"column":27}},"208":{"start":{"line":874,"column":8},"end":{"line":897,"column":9}},"209":{"start":{"line":875,"column":12},"end":{"line":896,"column":13}},"210":{"start":{"line":876,"column":16},"end":{"line":876,"column":42}},"211":{"start":{"line":878,"column":16},"end":{"line":878,"column":70}},"212":{"start":{"line":879,"column":16},"end":{"line":879,"column":70}},"213":{"start":{"line":881,"column":16},"end":{"line":881,"column":57}},"214":{"start":{"line":883,"column":16},"end":{"line":895,"column":17}},"215":{"start":{"line":885,"column":20},"end":{"line":891,"column":21}},"216":{"start":{"line":887,"column":24},"end":{"line":887,"column":68}},"217":{"start":{"line":889,"column":24},"end":{"line":889,"column":37}},"218":{"start":{"line":890,"column":24},"end":{"line":890,"column":67}},"219":{"start":{"line":894,"column":20},"end":{"line":894,"column":63}},"220":{"start":{"line":899,"column":8},"end":{"line":899,"column":26}},"221":{"start":{"line":937,"column":8},"end":{"line":943,"column":14}},"222":{"start":{"line":946,"column":8},"end":{"line":946,"column":41}},"223":{"start":{"line":947,"column":8},"end":{"line":947,"column":43}},"224":{"start":{"line":948,"column":8},"end":{"line":948,"column":56}},"225":{"start":{"line":951,"column":8},"end":{"line":964,"column":10}},"226":{"start":{"line":967,"column":8},"end":{"line":983,"column":9}},"227":{"start":{"line":968,"column":12},"end":{"line":968,"column":63}},"228":{"start":{"line":969,"column":12},"end":{"line":969,"column":53}},"229":{"start":{"line":970,"column":12},"end":{"line":970,"column":26}},"230":{"start":{"line":972,"column":15},"end":{"line":983,"column":9}},"231":{"start":{"line":973,"column":12},"end":{"line":973,"column":53}},"232":{"start":{"line":974,"column":12},"end":{"line":974,"column":67}},"233":{"start":{"line":975,"column":12},"end":{"line":975,"column":53}},"234":{"start":{"line":976,"column":12},"end":{"line":976,"column":26}},"235":{"start":{"line":979,"column":12},"end":{"line":979,"column":43}},"236":{"start":{"line":980,"column":12},"end":{"line":980,"column":67}},"237":{"start":{"line":981,"column":12},"end":{"line":981,"column":51}},"238":{"start":{"line":982,"column":12},"end":{"line":982,"column":26}},"239":{"start":{"line":987,"column":0},"end":{"line":987,"column":27}}},"branchMap":{"1":{"line":119,"type":"binary-expr","locations":[{"start":{"line":119,"column":14},"end":{"line":119,"column":32}},{"start":{"line":119,"column":36},"end":{"line":119,"column":50}}]},"2":{"line":123,"type":"binary-expr","locations":[{"start":{"line":123,"column":14},"end":{"line":123,"column":32}},{"start":{"line":123,"column":36},"end":{"line":123,"column":50}}]},"3":{"line":129,"type":"binary-expr","locations":[{"start":{"line":129,"column":26},"end":{"line":129,"column":47}},{"start":{"line":129,"column":51},"end":{"line":129,"column":76}}]},"4":{"line":132,"type":"binary-expr","locations":[{"start":{"line":132,"column":22},"end":{"line":132,"column":39}},{"start":{"line":132,"column":43},"end":{"line":132,"column":46}}]},"5":{"line":134,"type":"binary-expr","locations":[{"start":{"line":134,"column":18},"end":{"line":134,"column":31}},{"start":{"line":134,"column":35},"end":{"line":134,"column":37}}]},"6":{"line":136,"type":"binary-expr","locations":[{"start":{"line":136,"column":26},"end":{"line":136,"column":47}},{"start":{"line":136,"column":51},"end":{"line":136,"column":54}}]},"7":{"line":137,"type":"binary-expr","locations":[{"start":{"line":137,"column":28},"end":{"line":137,"column":51}},{"start":{"line":137,"column":55},"end":{"line":137,"column":56}}]},"8":{"line":138,"type":"binary-expr","locations":[{"start":{"line":138,"column":27},"end":{"line":138,"column":49}},{"start":{"line":138,"column":53},"end":{"line":138,"column":54}}]},"9":{"line":139,"type":"binary-expr","locations":[{"start":{"line":139,"column":28},"end":{"line":139,"column":51}},{"start":{"line":139,"column":55},"end":{"line":139,"column":58}}]},"10":{"line":140,"type":"binary-expr","locations":[{"start":{"line":140,"column":30},"end":{"line":140,"column":55}},{"start":{"line":140,"column":59},"end":{"line":140,"column":62}}]},"11":{"line":142,"type":"binary-expr","locations":[{"start":{"line":142,"column":32},"end":{"line":142,"column":59}},{"start":{"line":142,"column":63},"end":{"line":142,"column":64}}]},"12":{"line":143,"type":"binary-expr","locations":[{"start":{"line":143,"column":34},"end":{"line":143,"column":63}},{"start":{"line":143,"column":67},"end":{"line":143,"column":68}}]},"13":{"line":144,"type":"binary-expr","locations":[{"start":{"line":144,"column":33},"end":{"line":144,"column":61}},{"start":{"line":144,"column":65},"end":{"line":144,"column":66}}]},"14":{"line":146,"type":"binary-expr","locations":[{"start":{"line":146,"column":36},"end":{"line":146,"column":67}},{"start":{"line":146,"column":71},"end":{"line":146,"column":74}}]},"15":{"line":148,"type":"if","locations":[{"start":{"line":148,"column":4},"end":{"line":148,"column":4}},{"start":{"line":148,"column":4},"end":{"line":148,"column":4}}]},"16":{"line":156,"type":"binary-expr","locations":[{"start":{"line":156,"column":31},"end":{"line":156,"column":53}},{"start":{"line":156,"column":57},"end":{"line":156,"column":60}}]},"17":{"line":157,"type":"binary-expr","locations":[{"start":{"line":157,"column":33},"end":{"line":157,"column":57}},{"start":{"line":157,"column":61},"end":{"line":157,"column":64}}]},"18":{"line":158,"type":"binary-expr","locations":[{"start":{"line":158,"column":32},"end":{"line":158,"column":55}},{"start":{"line":158,"column":59},"end":{"line":158,"column":60}}]},"19":{"line":159,"type":"binary-expr","locations":[{"start":{"line":159,"column":33},"end":{"line":159,"column":57}},{"start":{"line":159,"column":61},"end":{"line":159,"column":64}}]},"20":{"line":160,"type":"binary-expr","locations":[{"start":{"line":160,"column":35},"end":{"line":160,"column":61}},{"start":{"line":160,"column":65},"end":{"line":160,"column":68}}]},"21":{"line":163,"type":"binary-expr","locations":[{"start":{"line":163,"column":31},"end":{"line":163,"column":57}},{"start":{"line":163,"column":61},"end":{"line":163,"column":65}}]},"22":{"line":164,"type":"binary-expr","locations":[{"start":{"line":164,"column":31},"end":{"line":164,"column":57}},{"start":{"line":164,"column":61},"end":{"line":164,"column":66}}]},"23":{"line":166,"type":"binary-expr","locations":[{"start":{"line":166,"column":19},"end":{"line":166,"column":33}},{"start":{"line":166,"column":37},"end":{"line":166,"column":39}}]},"24":{"line":168,"type":"binary-expr","locations":[{"start":{"line":168,"column":18},"end":{"line":168,"column":31}},{"start":{"line":168,"column":35},"end":{"line":168,"column":40}}]},"25":{"line":170,"type":"binary-expr","locations":[{"start":{"line":170,"column":24},"end":{"line":170,"column":43}},{"start":{"line":170,"column":47},"end":{"line":170,"column":51}}]},"26":{"line":171,"type":"binary-expr","locations":[{"start":{"line":171,"column":31},"end":{"line":171,"column":57}},{"start":{"line":171,"column":61},"end":{"line":171,"column":66}}]},"27":{"line":172,"type":"binary-expr","locations":[{"start":{"line":172,"column":31},"end":{"line":172,"column":57}},{"start":{"line":172,"column":61},"end":{"line":172,"column":66}}]},"28":{"line":174,"type":"binary-expr","locations":[{"start":{"line":174,"column":19},"end":{"line":174,"column":33}},{"start":{"line":174,"column":37},"end":{"line":174,"column":38}}]},"29":{"line":175,"type":"binary-expr","locations":[{"start":{"line":175,"column":19},"end":{"line":175,"column":33}},{"start":{"line":175,"column":37},"end":{"line":175,"column":38}}]},"30":{"line":183,"type":"binary-expr","locations":[{"start":{"line":183,"column":23},"end":{"line":183,"column":41}},{"start":{"line":183,"column":45},"end":{"line":183,"column":50}}]},"31":{"line":314,"type":"if","locations":[{"start":{"line":314,"column":12},"end":{"line":314,"column":12}},{"start":{"line":314,"column":12},"end":{"line":314,"column":12}}]},"32":{"line":318,"type":"if","locations":[{"start":{"line":318,"column":12},"end":{"line":318,"column":12}},{"start":{"line":318,"column":12},"end":{"line":318,"column":12}}]},"33":{"line":328,"type":"if","locations":[{"start":{"line":328,"column":12},"end":{"line":328,"column":12}},{"start":{"line":328,"column":12},"end":{"line":328,"column":12}}]},"34":{"line":330,"type":"if","locations":[{"start":{"line":330,"column":19},"end":{"line":330,"column":19}},{"start":{"line":330,"column":19},"end":{"line":330,"column":19}}]},"35":{"line":337,"type":"if","locations":[{"start":{"line":337,"column":12},"end":{"line":337,"column":12}},{"start":{"line":337,"column":12},"end":{"line":337,"column":12}}]},"36":{"line":337,"type":"binary-expr","locations":[{"start":{"line":337,"column":16},"end":{"line":337,"column":27}},{"start":{"line":337,"column":31},"end":{"line":337,"column":43}},{"start":{"line":337,"column":47},"end":{"line":337,"column":59}},{"start":{"line":337,"column":63},"end":{"line":337,"column":75}}]},"37":{"line":339,"type":"binary-expr","locations":[{"start":{"line":339,"column":23},"end":{"line":339,"column":35}},{"start":{"line":339,"column":39},"end":{"line":339,"column":50}}]},"38":{"line":340,"type":"binary-expr","locations":[{"start":{"line":340,"column":23},"end":{"line":340,"column":35}},{"start":{"line":340,"column":39},"end":{"line":340,"column":50}}]},"39":{"line":341,"type":"binary-expr","locations":[{"start":{"line":341,"column":23},"end":{"line":341,"column":35}},{"start":{"line":341,"column":39},"end":{"line":341,"column":50}}]},"40":{"line":377,"type":"if","locations":[{"start":{"line":377,"column":12},"end":{"line":377,"column":12}},{"start":{"line":377,"column":12},"end":{"line":377,"column":12}}]},"41":{"line":379,"type":"if","locations":[{"start":{"line":379,"column":20},"end":{"line":379,"column":20}},{"start":{"line":379,"column":20},"end":{"line":379,"column":20}}]},"42":{"line":412,"type":"if","locations":[{"start":{"line":412,"column":8},"end":{"line":412,"column":8}},{"start":{"line":412,"column":8},"end":{"line":412,"column":8}}]},"43":{"line":416,"type":"if","locations":[{"start":{"line":416,"column":12},"end":{"line":416,"column":12}},{"start":{"line":416,"column":12},"end":{"line":416,"column":12}}]},"44":{"line":416,"type":"binary-expr","locations":[{"start":{"line":416,"column":18},"end":{"line":416,"column":32}},{"start":{"line":416,"column":37},"end":{"line":416,"column":62}},{"start":{"line":416,"column":67},"end":{"line":416,"column":91}}]},"45":{"line":444,"type":"if","locations":[{"start":{"line":444,"column":8},"end":{"line":444,"column":8}},{"start":{"line":444,"column":8},"end":{"line":444,"column":8}}]},"46":{"line":446,"type":"if","locations":[{"start":{"line":446,"column":15},"end":{"line":446,"column":15}},{"start":{"line":446,"column":15},"end":{"line":446,"column":15}}]},"47":{"line":482,"type":"if","locations":[{"start":{"line":482,"column":8},"end":{"line":482,"column":8}},{"start":{"line":482,"column":8},"end":{"line":482,"column":8}}]},"48":{"line":482,"type":"binary-expr","locations":[{"start":{"line":482,"column":13},"end":{"line":482,"column":62}},{"start":{"line":482,"column":68},"end":{"line":482,"column":92}}]},"49":{"line":485,"type":"if","locations":[{"start":{"line":485,"column":15},"end":{"line":485,"column":15}},{"start":{"line":485,"column":15},"end":{"line":485,"column":15}}]},"50":{"line":512,"type":"binary-expr","locations":[{"start":{"line":512,"column":17},"end":{"line":512,"column":54}},{"start":{"line":512,"column":60},"end":{"line":512,"column":95}}]},"51":{"line":529,"type":"if","locations":[{"start":{"line":529,"column":8},"end":{"line":529,"column":8}},{"start":{"line":529,"column":8},"end":{"line":529,"column":8}}]},"52":{"line":529,"type":"binary-expr","locations":[{"start":{"line":529,"column":13},"end":{"line":529,"column":51}},{"start":{"line":529,"column":57},"end":{"line":529,"column":97}}]},"53":{"line":532,"type":"if","locations":[{"start":{"line":532,"column":12},"end":{"line":532,"column":12}},{"start":{"line":532,"column":12},"end":{"line":532,"column":12}}]},"54":{"line":537,"type":"if","locations":[{"start":{"line":537,"column":12},"end":{"line":537,"column":12}},{"start":{"line":537,"column":12},"end":{"line":537,"column":12}}]},"55":{"line":587,"type":"binary-expr","locations":[{"start":{"line":587,"column":17},"end":{"line":587,"column":23}},{"start":{"line":587,"column":27},"end":{"line":587,"column":28}}]},"56":{"line":588,"type":"binary-expr","locations":[{"start":{"line":588,"column":17},"end":{"line":588,"column":23}},{"start":{"line":588,"column":27},"end":{"line":588,"column":28}}]},"57":{"line":589,"type":"binary-expr","locations":[{"start":{"line":589,"column":21},"end":{"line":589,"column":31}},{"start":{"line":589,"column":35},"end":{"line":589,"column":40}}]},"58":{"line":590,"type":"binary-expr","locations":[{"start":{"line":590,"column":22},"end":{"line":590,"column":33}},{"start":{"line":590,"column":37},"end":{"line":590,"column":43}}]},"59":{"line":656,"type":"if","locations":[{"start":{"line":656,"column":8},"end":{"line":656,"column":8}},{"start":{"line":656,"column":8},"end":{"line":656,"column":8}}]},"60":{"line":656,"type":"binary-expr","locations":[{"start":{"line":656,"column":12},"end":{"line":656,"column":22}},{"start":{"line":656,"column":26},"end":{"line":656,"column":31}}]},"61":{"line":684,"type":"if","locations":[{"start":{"line":684,"column":8},"end":{"line":684,"column":8}},{"start":{"line":684,"column":8},"end":{"line":684,"column":8}}]},"62":{"line":684,"type":"binary-expr","locations":[{"start":{"line":684,"column":12},"end":{"line":684,"column":17}},{"start":{"line":684,"column":21},"end":{"line":684,"column":42}},{"start":{"line":684,"column":46},"end":{"line":684,"column":67}},{"start":{"line":684,"column":71},"end":{"line":684,"column":92}}]},"63":{"line":685,"type":"if","locations":[{"start":{"line":685,"column":12},"end":{"line":685,"column":12}},{"start":{"line":685,"column":12},"end":{"line":685,"column":12}}]},"64":{"line":688,"type":"if","locations":[{"start":{"line":688,"column":12},"end":{"line":688,"column":12}},{"start":{"line":688,"column":12},"end":{"line":688,"column":12}}]},"65":{"line":691,"type":"if","locations":[{"start":{"line":691,"column":12},"end":{"line":691,"column":12}},{"start":{"line":691,"column":12},"end":{"line":691,"column":12}}]},"66":{"line":731,"type":"cond-expr","locations":[{"start":{"line":731,"column":44},"end":{"line":731,"column":60}},{"start":{"line":731,"column":63},"end":{"line":731,"column":103}}]},"67":{"line":756,"type":"cond-expr","locations":[{"start":{"line":756,"column":39},"end":{"line":756,"column":65}},{"start":{"line":756,"column":68},"end":{"line":756,"column":74}}]},"68":{"line":769,"type":"cond-expr","locations":[{"start":{"line":769,"column":40},"end":{"line":769,"column":51}},{"start":{"line":769,"column":55},"end":{"line":769,"column":60}}]},"69":{"line":800,"type":"if","locations":[{"start":{"line":800,"column":8},"end":{"line":800,"column":8}},{"start":{"line":800,"column":8},"end":{"line":800,"column":8}}]},"70":{"line":800,"type":"binary-expr","locations":[{"start":{"line":800,"column":13},"end":{"line":800,"column":23}},{"start":{"line":800,"column":29},"end":{"line":800,"column":39}}]},"71":{"line":811,"type":"if","locations":[{"start":{"line":811,"column":20},"end":{"line":811,"column":20}},{"start":{"line":811,"column":20},"end":{"line":811,"column":20}}]},"72":{"line":811,"type":"binary-expr","locations":[{"start":{"line":811,"column":25},"end":{"line":811,"column":37}},{"start":{"line":811,"column":43},"end":{"line":811,"column":55}}]},"73":{"line":821,"type":"if","locations":[{"start":{"line":821,"column":24},"end":{"line":821,"column":24}},{"start":{"line":821,"column":24},"end":{"line":821,"column":24}}]},"74":{"line":821,"type":"binary-expr","locations":[{"start":{"line":821,"column":29},"end":{"line":821,"column":83}},{"start":{"line":821,"column":89},"end":{"line":821,"column":125}}]},"75":{"line":883,"type":"if","locations":[{"start":{"line":883,"column":16},"end":{"line":883,"column":16}},{"start":{"line":883,"column":16},"end":{"line":883,"column":16}}]},"76":{"line":885,"type":"if","locations":[{"start":{"line":885,"column":20},"end":{"line":885,"column":20}},{"start":{"line":885,"column":20},"end":{"line":885,"column":20}}]},"77":{"line":885,"type":"binary-expr","locations":[{"start":{"line":885,"column":24},"end":{"line":885,"column":138}},{"start":{"line":886,"column":24},"end":{"line":886,"column":138}}]},"78":{"line":967,"type":"if","locations":[{"start":{"line":967,"column":8},"end":{"line":967,"column":8}},{"start":{"line":967,"column":8},"end":{"line":967,"column":8}}]},"79":{"line":972,"type":"if","locations":[{"start":{"line":972,"column":15},"end":{"line":972,"column":15}},{"start":{"line":972,"column":15},"end":{"line":972,"column":15}}]}}}}