{"/Users/erz/code/yahoo/blink-diff/index.js":{"path":"/Users/erz/code/yahoo/blink-diff/index.js","s":{"1":1,"2":1,"3":83,"4":83,"5":83,"6":83,"7":83,"8":83,"9":83,"10":83,"11":83,"12":83,"13":83,"14":83,"15":83,"16":83,"17":83,"18":83,"19":83,"20":83,"21":83,"22":83,"23":83,"24":83,"25":83,"26":0,"27":0,"28":0,"29":0,"30":0,"31":83,"32":83,"33":83,"34":83,"35":83,"36":83,"37":83,"38":0,"39":83,"40":83,"41":83,"42":83,"43":83,"44":83,"45":83,"46":83,"47":83,"48":83,"49":83,"50":83,"51":83,"52":83,"53":83,"54":83,"55":83,"56":83,"57":83,"58":83,"59":83,"60":83,"61":1,"62":1,"63":1,"64":1,"65":1,"66":1,"67":1,"68":1,"69":1,"70":1,"71":1,"72":1,"73":11,"74":11,"75":0,"76":0,"77":11,"78":11,"79":11,"80":11,"81":11,"82":11,"83":11,"84":2,"85":2,"86":11,"87":2,"88":2,"89":11,"90":11,"91":11,"92":0,"93":0,"94":11,"95":11,"96":11,"97":11,"98":0,"99":0,"100":0,"101":0,"102":11,"103":9,"104":2,"105":1,"106":11,"107":11,"108":11,"109":0,"110":11,"111":11,"112":0,"113":11,"114":11,"115":1,"116":1,"117":0,"118":1,"119":1,"120":10,"121":0,"122":0,"123":1,"124":1,"125":1,"126":11,"127":11,"128":0,"129":0,"130":0,"131":0,"132":0,"133":0,"134":0,"135":0,"136":0,"137":0,"138":0,"139":11,"140":25,"141":1,"142":24,"143":1,"144":23,"145":11,"146":15,"147":7,"148":8,"149":2,"150":6,"151":4,"152":16,"153":16,"154":15,"155":15,"156":2,"157":15,"158":15,"159":3,"160":15,"161":15,"162":15,"163":5,"164":5,"165":23,"166":23,"167":23,"168":23,"169":23,"170":23,"171":23,"172":23,"173":23,"174":23,"175":23,"176":23,"177":197,"178":197,"179":197,"180":197,"181":197,"182":197,"183":252,"184":252,"185":252,"186":0,"187":0,"188":0,"189":252,"190":0,"191":0,"192":0,"193":0,"194":0,"195":0,"196":0,"197":0,"198":0,"199":84,"200":84,"201":84,"202":84,"203":84,"204":84,"205":1,"206":1,"207":3,"208":1,"209":1,"210":1,"211":1,"212":1,"213":1,"214":1,"215":1,"216":56,"217":56,"218":40,"219":40,"220":28,"221":28,"222":28,"223":28,"224":28,"225":52,"226":98,"227":70,"228":70,"229":70,"230":70,"231":70,"232":70,"233":8,"234":32,"235":17,"236":17,"237":29,"238":56,"239":56,"240":56,"241":56,"242":56,"243":32,"244":0,"245":32,"246":32,"247":24,"248":17,"249":14,"250":14,"251":14,"252":14,"253":14,"254":14,"255":5,"256":5,"257":5,"258":9,"259":5,"260":5,"261":5,"262":5,"263":4,"264":4,"265":4,"266":4,"267":1},"b":{"1":[83,1],"2":[83,1],"3":[83,83],"4":[83,83],"5":[83,83],"6":[83,83],"7":[83,83],"8":[83,83],"9":[83,83],"10":[83,83],"11":[83,83],"12":[83,83],"13":[83,83],"14":[83,83],"15":[83,83],"16":[0,83],"17":[83,83],"18":[83,83],"19":[83,83],"20":[83,83],"21":[83,83],"22":[83,83],"23":[0,83],"24":[83,0],"25":[83,83],"26":[83,83],"27":[83,83],"28":[83,83],"29":[83,83],"30":[83,83],"31":[83,83],"32":[83,83],"33":[83,83],"34":[83,83],"35":[83,83],"36":[83,83],"37":[83,83],"38":[83,83],"39":[83,83],"40":[2,9],"41":[2,9],"42":[0,11],"43":[9,2],"44":[0,9],"45":[1,1],"46":[0,1],"47":[0,11],"48":[11,11,11,11],"49":[0,0],"50":[0,0],"51":[0,0],"52":[0,11],"53":[1,10],"54":[11,1],"55":[0,1],"56":[1,0],"57":[0,11],"58":[0,0],"59":[0,0,0],"60":[1,24],"61":[1,23],"62":[24,24],"63":[7,8],"64":[15,12],"65":[2,6],"66":[4,3],"67":[15,1],"68":[16,3],"69":[2,13],"70":[3,12],"71":[23,6],"72":[23,6],"73":[23,2],"74":[23,2],"75":[0,252],"76":[252,252],"77":[0,0],"78":[0,0,0,0],"79":[0,0],"80":[0,0],"81":[0,0],"82":[3,0],"83":[56,0],"84":[56,0],"85":[28,12],"86":[40,12],"87":[70,28],"88":[98,54],"89":[8,62],"90":[70,8],"91":[32,24],"92":[0,32],"93":[32,8],"94":[5,9],"95":[5,4]},"f":{"1":83,"2":1,"3":11,"4":0,"5":11,"6":11,"7":11,"8":1,"9":0,"10":1,"11":1,"12":11,"13":25,"14":11,"15":15,"16":44,"17":4,"18":16,"19":5,"20":23,"21":197,"22":252,"23":0,"24":84,"25":1,"26":3,"27":56,"28":56,"29":40,"30":17,"31":14},"fnMap":{"1":{"name":"BlinkDiff","line":129,"loc":{"start":{"line":129,"column":0},"end":{"line":129,"column":29}}},"2":{"name":"(anonymous_2)","line":325,"loc":{"start":{"line":325,"column":17},"end":{"line":325,"column":29}}},"3":{"name":"(anonymous_3)","line":345,"loc":{"start":{"line":345,"column":6},"end":{"line":345,"column":20}}},"4":{"name":"(anonymous_4)","line":349,"loc":{"start":{"line":349,"column":17},"end":{"line":349,"column":33}}},"5":{"name":"(anonymous_5)","line":354,"loc":{"start":{"line":354,"column":15},"end":{"line":354,"column":27}}},"6":{"name":"(anonymous_6)","line":357,"loc":{"start":{"line":357,"column":21},"end":{"line":357,"column":39}}},"7":{"name":"(anonymous_7)","line":361,"loc":{"start":{"line":361,"column":21},"end":{"line":361,"column":39}}},"8":{"name":"(anonymous_8)","line":457,"loc":{"start":{"line":457,"column":56},"end":{"line":457,"column":71}}},"9":{"name":"(anonymous_9)","line":469,"loc":{"start":{"line":469,"column":27},"end":{"line":469,"column":42}}},"10":{"name":"(anonymous_10)","line":484,"loc":{"start":{"line":484,"column":21},"end":{"line":484,"column":56}}},"11":{"name":"(anonymous_11)","line":496,"loc":{"start":{"line":496,"column":36},"end":{"line":496,"column":58}}},"12":{"name":"(anonymous_12)","line":515,"loc":{"start":{"line":515,"column":21},"end":{"line":515,"column":60}}},"13":{"name":"(anonymous_13)","line":550,"loc":{"start":{"line":550,"column":13},"end":{"line":550,"column":36}}},"14":{"name":"(anonymous_14)","line":571,"loc":{"start":{"line":571,"column":13},"end":{"line":571,"column":43}}},"15":{"name":"(anonymous_15)","line":584,"loc":{"start":{"line":584,"column":19},"end":{"line":584,"column":43}}},"16":{"name":"(anonymous_16)","line":603,"loc":{"start":{"line":603,"column":6},"end":{"line":603,"column":22}}},"17":{"name":"(anonymous_17)","line":615,"loc":{"start":{"line":615,"column":12},"end":{"line":615,"column":30}}},"18":{"name":"(anonymous_18)","line":628,"loc":{"start":{"line":628,"column":8},"end":{"line":628,"column":34}}},"19":{"name":"(anonymous_19)","line":664,"loc":{"start":{"line":664,"column":8},"end":{"line":664,"column":38}}},"20":{"name":"(anonymous_20)","line":687,"loc":{"start":{"line":687,"column":21},"end":{"line":687,"column":52}}},"21":{"name":"(anonymous_21)","line":726,"loc":{"start":{"line":726,"column":14},"end":{"line":726,"column":40}}},"22":{"name":"(anonymous_22)","line":748,"loc":{"start":{"line":748,"column":12},"end":{"line":748,"column":53}}},"23":{"name":"(anonymous_23)","line":774,"loc":{"start":{"line":774,"column":16},"end":{"line":774,"column":40}}},"24":{"name":"(anonymous_24)","line":804,"loc":{"start":{"line":804,"column":19},"end":{"line":804,"column":36}}},"25":{"name":"(anonymous_25)","line":823,"loc":{"start":{"line":823,"column":22},"end":{"line":823,"column":39}}},"26":{"name":"f","line":826,"loc":{"start":{"line":826,"column":2},"end":{"line":826,"column":17}}},"27":{"name":"(anonymous_27)","line":852,"loc":{"start":{"line":852,"column":23},"end":{"line":852,"column":52}}},"28":{"name":"(anonymous_28)","line":866,"loc":{"start":{"line":866,"column":23},"end":{"line":866,"column":52}}},"29":{"name":"(anonymous_29)","line":889,"loc":{"start":{"line":889,"column":16},"end":{"line":889,"column":121}}},"30":{"name":"(anonymous_30)","line":960,"loc":{"start":{"line":960,"column":16},"end":{"line":960,"column":173}}},"31":{"name":"(anonymous_31)","line":1023,"loc":{"start":{"line":1023,"column":11},"end":{"line":1023,"column":153}}}},"statementMap":{"1":{"start":{"line":4,"column":0},"end":{"line":6,"column":30}},"2":{"start":{"line":129,"column":0},"end":{"line":215,"column":1}},"3":{"start":{"line":131,"column":1},"end":{"line":131,"column":31}},"4":{"start":{"line":132,"column":1},"end":{"line":132,"column":39}},"5":{"start":{"line":133,"column":1},"end":{"line":133,"column":71}},"6":{"start":{"line":135,"column":1},"end":{"line":135,"column":31}},"7":{"start":{"line":136,"column":1},"end":{"line":136,"column":39}},"8":{"start":{"line":137,"column":1},"end":{"line":137,"column":71}},"9":{"start":{"line":139,"column":1},"end":{"line":139,"column":26}},"10":{"start":{"line":140,"column":1},"end":{"line":140,"column":49}},"11":{"start":{"line":141,"column":1},"end":{"line":141,"column":75}},"12":{"start":{"line":144,"column":1},"end":{"line":144,"column":74}},"13":{"start":{"line":147,"column":1},"end":{"line":147,"column":44}},"14":{"start":{"line":149,"column":1},"end":{"line":149,"column":35}},"15":{"start":{"line":151,"column":1},"end":{"line":151,"column":52}},"16":{"start":{"line":152,"column":1},"end":{"line":152,"column":54}},"17":{"start":{"line":153,"column":1},"end":{"line":153,"column":52}},"18":{"start":{"line":154,"column":1},"end":{"line":154,"column":56}},"19":{"start":{"line":155,"column":1},"end":{"line":155,"column":60}},"20":{"start":{"line":157,"column":1},"end":{"line":157,"column":62}},"21":{"start":{"line":158,"column":1},"end":{"line":158,"column":66}},"22":{"start":{"line":159,"column":1},"end":{"line":159,"column":64}},"23":{"start":{"line":160,"column":1},"end":{"line":160,"column":61}},"24":{"start":{"line":161,"column":1},"end":{"line":161,"column":72}},"25":{"start":{"line":163,"column":1},"end":{"line":176,"column":2}},"26":{"start":{"line":164,"column":2},"end":{"line":164,"column":51}},"27":{"start":{"line":165,"column":2},"end":{"line":165,"column":55}},"28":{"start":{"line":166,"column":2},"end":{"line":166,"column":53}},"29":{"start":{"line":167,"column":2},"end":{"line":167,"column":55}},"30":{"start":{"line":168,"column":2},"end":{"line":168,"column":59}},"31":{"start":{"line":171,"column":2},"end":{"line":171,"column":55}},"32":{"start":{"line":172,"column":2},"end":{"line":172,"column":59}},"33":{"start":{"line":173,"column":2},"end":{"line":173,"column":55}},"34":{"start":{"line":174,"column":2},"end":{"line":174,"column":59}},"35":{"start":{"line":175,"column":2},"end":{"line":175,"column":63}},"36":{"start":{"line":178,"column":1},"end":{"line":178,"column":41}},"37":{"start":{"line":179,"column":1},"end":{"line":181,"column":2}},"38":{"start":{"line":180,"column":2},"end":{"line":180,"column":36}},"39":{"start":{"line":183,"column":1},"end":{"line":183,"column":46}},"40":{"start":{"line":184,"column":1},"end":{"line":184,"column":50}},"41":{"start":{"line":185,"column":1},"end":{"line":185,"column":48}},"42":{"start":{"line":186,"column":1},"end":{"line":186,"column":52}},"43":{"start":{"line":187,"column":1},"end":{"line":187,"column":56}},"44":{"start":{"line":189,"column":1},"end":{"line":189,"column":63}},"45":{"start":{"line":190,"column":1},"end":{"line":190,"column":64}},"46":{"start":{"line":192,"column":1},"end":{"line":192,"column":37}},"47":{"start":{"line":194,"column":1},"end":{"line":194,"column":38}},"48":{"start":{"line":196,"column":1},"end":{"line":196,"column":49}},"49":{"start":{"line":197,"column":1},"end":{"line":197,"column":64}},"50":{"start":{"line":198,"column":1},"end":{"line":198,"column":64}},"51":{"start":{"line":200,"column":1},"end":{"line":200,"column":36}},"52":{"start":{"line":201,"column":1},"end":{"line":201,"column":36}},"53":{"start":{"line":203,"column":1},"end":{"line":203,"column":39}},"54":{"start":{"line":204,"column":1},"end":{"line":204,"column":39}},"55":{"start":{"line":207,"column":1},"end":{"line":207,"column":70}},"56":{"start":{"line":209,"column":1},"end":{"line":209,"column":48}},"57":{"start":{"line":211,"column":1},"end":{"line":211,"column":29}},"58":{"start":{"line":212,"column":1},"end":{"line":212,"column":31}},"59":{"start":{"line":213,"column":1},"end":{"line":213,"column":31}},"60":{"start":{"line":214,"column":1},"end":{"line":214,"column":31}},"61":{"start":{"line":225,"column":0},"end":{"line":225,"column":54}},"62":{"start":{"line":235,"column":0},"end":{"line":235,"column":36}},"63":{"start":{"line":244,"column":0},"end":{"line":244,"column":40}},"64":{"start":{"line":254,"column":0},"end":{"line":254,"column":29}},"65":{"start":{"line":263,"column":0},"end":{"line":263,"column":31}},"66":{"start":{"line":272,"column":0},"end":{"line":272,"column":29}},"67":{"start":{"line":281,"column":0},"end":{"line":281,"column":31}},"68":{"start":{"line":291,"column":0},"end":{"line":291,"column":32}},"69":{"start":{"line":300,"column":0},"end":{"line":300,"column":30}},"70":{"start":{"line":309,"column":0},"end":{"line":309,"column":27}},"71":{"start":{"line":312,"column":0},"end":{"line":1060,"column":2}},"72":{"start":{"line":326,"column":2},"end":{"line":326,"column":48}},"73":{"start":{"line":347,"column":2},"end":{"line":347,"column":42}},"74":{"start":{"line":349,"column":2},"end":{"line":352,"column":15}},"75":{"start":{"line":350,"column":3},"end":{"line":350,"column":30}},"76":{"start":{"line":351,"column":3},"end":{"line":351,"column":37}},"77":{"start":{"line":354,"column":2},"end":{"line":472,"column":5}},"78":{"start":{"line":355,"column":3},"end":{"line":355,"column":58}},"79":{"start":{"line":358,"column":3},"end":{"line":358,"column":25}},"80":{"start":{"line":359,"column":3},"end":{"line":359,"column":58}},"81":{"start":{"line":363,"column":3},"end":{"line":363,"column":34}},"82":{"start":{"line":365,"column":3},"end":{"line":365,"column":25}},"83":{"start":{"line":368,"column":3},"end":{"line":371,"column":4}},"84":{"start":{"line":369,"column":4},"end":{"line":369,"column":97}},"85":{"start":{"line":370,"column":4},"end":{"line":370,"column":58}},"86":{"start":{"line":372,"column":3},"end":{"line":375,"column":4}},"87":{"start":{"line":373,"column":4},"end":{"line":373,"column":97}},"88":{"start":{"line":374,"column":4},"end":{"line":374,"column":58}},"89":{"start":{"line":378,"column":3},"end":{"line":378,"column":42}},"90":{"start":{"line":380,"column":3},"end":{"line":380,"column":95}},"91":{"start":{"line":383,"column":3},"end":{"line":389,"column":4}},"92":{"start":{"line":384,"column":4},"end":{"line":384,"column":39}},"93":{"start":{"line":385,"column":4},"end":{"line":385,"column":39}},"94":{"start":{"line":387,"column":4},"end":{"line":387,"column":59}},"95":{"start":{"line":388,"column":4},"end":{"line":388,"column":59}},"96":{"start":{"line":392,"column":3},"end":{"line":398,"column":5}},"97":{"start":{"line":399,"column":3},"end":{"line":407,"column":4}},"98":{"start":{"line":400,"column":4},"end":{"line":400,"column":29}},"99":{"start":{"line":403,"column":4},"end":{"line":403,"column":99}},"100":{"start":{"line":405,"column":4},"end":{"line":405,"column":81}},"101":{"start":{"line":406,"column":4},"end":{"line":406,"column":81}},"102":{"start":{"line":410,"column":3},"end":{"line":414,"column":4}},"103":{"start":{"line":411,"column":4},"end":{"line":411,"column":89}},"104":{"start":{"line":412,"column":10},"end":{"line":414,"column":4}},"105":{"start":{"line":413,"column":4},"end":{"line":413,"column":89}},"106":{"start":{"line":417,"column":3},"end":{"line":417,"column":50}},"107":{"start":{"line":418,"column":3},"end":{"line":418,"column":50}},"108":{"start":{"line":421,"column":3},"end":{"line":425,"column":4}},"109":{"start":{"line":422,"column":4},"end":{"line":424,"column":6}},"110":{"start":{"line":428,"column":3},"end":{"line":446,"column":60}},"111":{"start":{"line":449,"column":3},"end":{"line":453,"column":4}},"112":{"start":{"line":450,"column":4},"end":{"line":450,"column":109}},"113":{"start":{"line":452,"column":4},"end":{"line":452,"column":95}},"114":{"start":{"line":456,"column":3},"end":{"line":467,"column":4}},"115":{"start":{"line":457,"column":4},"end":{"line":464,"column":18}},"116":{"start":{"line":458,"column":5},"end":{"line":463,"column":6}},"117":{"start":{"line":459,"column":6},"end":{"line":459,"column":14}},"118":{"start":{"line":461,"column":6},"end":{"line":461,"column":64}},"119":{"start":{"line":462,"column":6},"end":{"line":462,"column":28}},"120":{"start":{"line":466,"column":4},"end":{"line":466,"column":26}},"121":{"start":{"line":470,"column":3},"end":{"line":470,"column":28}},"122":{"start":{"line":471,"column":3},"end":{"line":471,"column":11}},"123":{"start":{"line":485,"column":2},"end":{"line":485,"column":75}},"124":{"start":{"line":498,"column":2},"end":{"line":500,"column":4}},"125":{"start":{"line":502,"column":2},"end":{"line":502,"column":71}},"126":{"start":{"line":517,"column":2},"end":{"line":517,"column":41}},"127":{"start":{"line":519,"column":2},"end":{"line":536,"column":3}},"128":{"start":{"line":520,"column":3},"end":{"line":520,"column":58}},"129":{"start":{"line":521,"column":3},"end":{"line":521,"column":61}},"130":{"start":{"line":523,"column":3},"end":{"line":535,"column":4}},"131":{"start":{"line":524,"column":4},"end":{"line":524,"column":52}},"132":{"start":{"line":526,"column":4},"end":{"line":526,"column":98}},"133":{"start":{"line":527,"column":4},"end":{"line":527,"column":118}},"134":{"start":{"line":528,"column":4},"end":{"line":528,"column":107}},"135":{"start":{"line":530,"column":4},"end":{"line":530,"column":52}},"136":{"start":{"line":532,"column":4},"end":{"line":532,"column":98}},"137":{"start":{"line":533,"column":4},"end":{"line":533,"column":117}},"138":{"start":{"line":534,"column":4},"end":{"line":534,"column":106}},"139":{"start":{"line":538,"column":2},"end":{"line":538,"column":15}},"140":{"start":{"line":552,"column":2},"end":{"line":560,"column":3}},"141":{"start":{"line":553,"column":3},"end":{"line":553,"column":55}},"142":{"start":{"line":555,"column":9},"end":{"line":560,"column":3}},"143":{"start":{"line":556,"column":3},"end":{"line":556,"column":54}},"144":{"start":{"line":559,"column":3},"end":{"line":559,"column":16}},"145":{"start":{"line":572,"column":2},"end":{"line":572,"column":105}},"146":{"start":{"line":586,"column":2},"end":{"line":591,"column":3}},"147":{"start":{"line":587,"column":3},"end":{"line":587,"column":15}},"148":{"start":{"line":589,"column":9},"end":{"line":591,"column":3}},"149":{"start":{"line":590,"column":3},"end":{"line":590,"column":15}},"150":{"start":{"line":593,"column":2},"end":{"line":593,"column":15}},"151":{"start":{"line":616,"column":2},"end":{"line":616,"column":92}},"152":{"start":{"line":630,"column":2},"end":{"line":630,"column":26}},"153":{"start":{"line":632,"column":2},"end":{"line":648,"column":3}},"154":{"start":{"line":634,"column":3},"end":{"line":634,"column":32}},"155":{"start":{"line":635,"column":3},"end":{"line":637,"column":4}},"156":{"start":{"line":636,"column":4},"end":{"line":636,"column":33}},"157":{"start":{"line":639,"column":3},"end":{"line":639,"column":34}},"158":{"start":{"line":640,"column":3},"end":{"line":642,"column":4}},"159":{"start":{"line":641,"column":4},"end":{"line":641,"column":35}},"160":{"start":{"line":644,"column":3},"end":{"line":644,"column":59}},"161":{"start":{"line":646,"column":3},"end":{"line":646,"column":42}},"162":{"start":{"line":647,"column":3},"end":{"line":647,"column":42}},"163":{"start":{"line":666,"column":2},"end":{"line":666,"column":111}},"164":{"start":{"line":668,"column":2},"end":{"line":668,"column":54}},"165":{"start":{"line":690,"column":2},"end":{"line":690,"column":23}},"166":{"start":{"line":691,"column":2},"end":{"line":691,"column":23}},"167":{"start":{"line":692,"column":2},"end":{"line":692,"column":35}},"168":{"start":{"line":693,"column":2},"end":{"line":693,"column":38}},"169":{"start":{"line":696,"column":2},"end":{"line":696,"column":31}},"170":{"start":{"line":697,"column":2},"end":{"line":697,"column":31}},"171":{"start":{"line":698,"column":2},"end":{"line":698,"column":39}},"172":{"start":{"line":699,"column":2},"end":{"line":699,"column":41}},"173":{"start":{"line":702,"column":2},"end":{"line":702,"column":39}},"174":{"start":{"line":703,"column":2},"end":{"line":703,"column":40}},"175":{"start":{"line":704,"column":2},"end":{"line":704,"column":52}},"176":{"start":{"line":705,"column":2},"end":{"line":705,"column":55}},"177":{"start":{"line":727,"column":2},"end":{"line":727,"column":21}},"178":{"start":{"line":729,"column":2},"end":{"line":729,"column":42}},"179":{"start":{"line":730,"column":2},"end":{"line":730,"column":42}},"180":{"start":{"line":731,"column":2},"end":{"line":731,"column":42}},"181":{"start":{"line":732,"column":2},"end":{"line":732,"column":42}},"182":{"start":{"line":734,"column":2},"end":{"line":734,"column":38}},"183":{"start":{"line":750,"column":2},"end":{"line":750,"column":12}},"184":{"start":{"line":752,"column":2},"end":{"line":754,"column":4}},"185":{"start":{"line":756,"column":2},"end":{"line":760,"column":3}},"186":{"start":{"line":757,"column":3},"end":{"line":757,"column":44}},"187":{"start":{"line":758,"column":3},"end":{"line":758,"column":40}},"188":{"start":{"line":759,"column":3},"end":{"line":759,"column":43}},"189":{"start":{"line":762,"column":2},"end":{"line":762,"column":15}},"190":{"start":{"line":777,"column":2},"end":{"line":779,"column":4}},"191":{"start":{"line":781,"column":2},"end":{"line":791,"column":3}},"192":{"start":{"line":782,"column":3},"end":{"line":784,"column":4}},"193":{"start":{"line":783,"column":4},"end":{"line":783,"column":45}},"194":{"start":{"line":785,"column":3},"end":{"line":787,"column":4}},"195":{"start":{"line":786,"column":4},"end":{"line":786,"column":45}},"196":{"start":{"line":788,"column":3},"end":{"line":790,"column":4}},"197":{"start":{"line":789,"column":4},"end":{"line":789,"column":45}},"198":{"start":{"line":793,"column":2},"end":{"line":793,"column":16}},"199":{"start":{"line":805,"column":2},"end":{"line":805,"column":18}},"200":{"start":{"line":807,"column":2},"end":{"line":807,"column":81}},"201":{"start":{"line":808,"column":2},"end":{"line":808,"column":81}},"202":{"start":{"line":809,"column":2},"end":{"line":809,"column":58}},"203":{"start":{"line":810,"column":2},"end":{"line":810,"column":23}},"204":{"start":{"line":812,"column":2},"end":{"line":812,"column":16}},"205":{"start":{"line":824,"column":2},"end":{"line":824,"column":30}},"206":{"start":{"line":826,"column":2},"end":{"line":828,"column":3}},"207":{"start":{"line":827,"column":3},"end":{"line":827,"column":97}},"208":{"start":{"line":830,"column":2},"end":{"line":830,"column":39}},"209":{"start":{"line":831,"column":2},"end":{"line":831,"column":39}},"210":{"start":{"line":832,"column":2},"end":{"line":832,"column":39}},"211":{"start":{"line":834,"column":2},"end":{"line":834,"column":30}},"212":{"start":{"line":835,"column":2},"end":{"line":835,"column":30}},"213":{"start":{"line":836,"column":2},"end":{"line":836,"column":30}},"214":{"start":{"line":837,"column":2},"end":{"line":837,"column":23}},"215":{"start":{"line":839,"column":2},"end":{"line":839,"column":16}},"216":{"start":{"line":853,"column":2},"end":{"line":853,"column":69}},"217":{"start":{"line":867,"column":2},"end":{"line":867,"column":55}},"218":{"start":{"line":891,"column":2},"end":{"line":891,"column":96}},"219":{"start":{"line":893,"column":2},"end":{"line":920,"column":3}},"220":{"start":{"line":895,"column":3},"end":{"line":895,"column":50}},"221":{"start":{"line":896,"column":3},"end":{"line":896,"column":59}},"222":{"start":{"line":898,"column":3},"end":{"line":898,"column":50}},"223":{"start":{"line":899,"column":3},"end":{"line":899,"column":60}},"224":{"start":{"line":901,"column":3},"end":{"line":919,"column":4}},"225":{"start":{"line":902,"column":4},"end":{"line":918,"column":5}},"226":{"start":{"line":904,"column":5},"end":{"line":917,"column":6}},"227":{"start":{"line":906,"column":6},"end":{"line":906,"column":52}},"228":{"start":{"line":908,"column":6},"end":{"line":908,"column":60}},"229":{"start":{"line":909,"column":6},"end":{"line":909,"column":60}},"230":{"start":{"line":911,"column":6},"end":{"line":911,"column":60}},"231":{"start":{"line":912,"column":6},"end":{"line":912,"column":46}},"232":{"start":{"line":914,"column":6},"end":{"line":916,"column":7}},"233":{"start":{"line":915,"column":7},"end":{"line":915,"column":19}},"234":{"start":{"line":922,"column":2},"end":{"line":922,"column":15}},"235":{"start":{"line":961,"column":2},"end":{"line":961,"column":53}},"236":{"start":{"line":963,"column":2},"end":{"line":985,"column":3}},"237":{"start":{"line":964,"column":3},"end":{"line":984,"column":4}},"238":{"start":{"line":965,"column":4},"end":{"line":965,"column":30}},"239":{"start":{"line":967,"column":4},"end":{"line":967,"column":58}},"240":{"start":{"line":968,"column":4},"end":{"line":968,"column":58}},"241":{"start":{"line":970,"column":4},"end":{"line":970,"column":45}},"242":{"start":{"line":972,"column":4},"end":{"line":983,"column":5}},"243":{"start":{"line":974,"column":5},"end":{"line":979,"column":6}},"244":{"start":{"line":975,"column":6},"end":{"line":975,"column":50}},"245":{"start":{"line":977,"column":6},"end":{"line":977,"column":19}},"246":{"start":{"line":978,"column":6},"end":{"line":978,"column":49}},"247":{"start":{"line":982,"column":5},"end":{"line":982,"column":48}},"248":{"start":{"line":987,"column":2},"end":{"line":987,"column":20}},"249":{"start":{"line":1025,"column":2},"end":{"line":1031,"column":4}},"250":{"start":{"line":1034,"column":2},"end":{"line":1034,"column":35}},"251":{"start":{"line":1035,"column":2},"end":{"line":1035,"column":37}},"252":{"start":{"line":1036,"column":2},"end":{"line":1036,"column":50}},"253":{"start":{"line":1039,"column":2},"end":{"line":1039,"column":203}},"254":{"start":{"line":1042,"column":2},"end":{"line":1058,"column":3}},"255":{"start":{"line":1043,"column":3},"end":{"line":1043,"column":54}},"256":{"start":{"line":1044,"column":3},"end":{"line":1044,"column":44}},"257":{"start":{"line":1045,"column":3},"end":{"line":1045,"column":17}},"258":{"start":{"line":1047,"column":9},"end":{"line":1058,"column":3}},"259":{"start":{"line":1048,"column":3},"end":{"line":1048,"column":44}},"260":{"start":{"line":1049,"column":3},"end":{"line":1049,"column":58}},"261":{"start":{"line":1050,"column":3},"end":{"line":1050,"column":44}},"262":{"start":{"line":1051,"column":3},"end":{"line":1051,"column":17}},"263":{"start":{"line":1054,"column":3},"end":{"line":1054,"column":34}},"264":{"start":{"line":1055,"column":3},"end":{"line":1055,"column":58}},"265":{"start":{"line":1056,"column":3},"end":{"line":1056,"column":42}},"266":{"start":{"line":1057,"column":3},"end":{"line":1057,"column":17}},"267":{"start":{"line":1062,"column":0},"end":{"line":1062,"column":27}}},"branchMap":{"1":{"line":133,"type":"binary-expr","locations":[{"start":{"line":133,"column":11},"end":{"line":133,"column":29}},{"start":{"line":133,"column":33},"end":{"line":133,"column":47}}]},"2":{"line":137,"type":"binary-expr","locations":[{"start":{"line":137,"column":11},"end":{"line":137,"column":29}},{"start":{"line":137,"column":33},"end":{"line":137,"column":47}}]},"3":{"line":141,"type":"binary-expr","locations":[{"start":{"line":141,"column":26},"end":{"line":141,"column":50}},{"start":{"line":141,"column":54},"end":{"line":141,"column":74}}]},"4":{"line":144,"type":"binary-expr","locations":[{"start":{"line":144,"column":23},"end":{"line":144,"column":44}},{"start":{"line":144,"column":48},"end":{"line":144,"column":73}}]},"5":{"line":147,"type":"binary-expr","locations":[{"start":{"line":147,"column":19},"end":{"line":147,"column":36}},{"start":{"line":147,"column":40},"end":{"line":147,"column":43}}]},"6":{"line":149,"type":"binary-expr","locations":[{"start":{"line":149,"column":15},"end":{"line":149,"column":28}},{"start":{"line":149,"column":32},"end":{"line":149,"column":34}}]},"7":{"line":151,"type":"binary-expr","locations":[{"start":{"line":151,"column":23},"end":{"line":151,"column":44}},{"start":{"line":151,"column":48},"end":{"line":151,"column":51}}]},"8":{"line":152,"type":"binary-expr","locations":[{"start":{"line":152,"column":25},"end":{"line":152,"column":48}},{"start":{"line":152,"column":52},"end":{"line":152,"column":53}}]},"9":{"line":153,"type":"binary-expr","locations":[{"start":{"line":153,"column":24},"end":{"line":153,"column":46}},{"start":{"line":153,"column":50},"end":{"line":153,"column":51}}]},"10":{"line":154,"type":"binary-expr","locations":[{"start":{"line":154,"column":25},"end":{"line":154,"column":48}},{"start":{"line":154,"column":52},"end":{"line":154,"column":55}}]},"11":{"line":155,"type":"binary-expr","locations":[{"start":{"line":155,"column":27},"end":{"line":155,"column":52}},{"start":{"line":155,"column":56},"end":{"line":155,"column":59}}]},"12":{"line":157,"type":"binary-expr","locations":[{"start":{"line":157,"column":29},"end":{"line":157,"column":56}},{"start":{"line":157,"column":60},"end":{"line":157,"column":61}}]},"13":{"line":158,"type":"binary-expr","locations":[{"start":{"line":158,"column":31},"end":{"line":158,"column":60}},{"start":{"line":158,"column":64},"end":{"line":158,"column":65}}]},"14":{"line":159,"type":"binary-expr","locations":[{"start":{"line":159,"column":30},"end":{"line":159,"column":58}},{"start":{"line":159,"column":62},"end":{"line":159,"column":63}}]},"15":{"line":161,"type":"binary-expr","locations":[{"start":{"line":161,"column":33},"end":{"line":161,"column":64}},{"start":{"line":161,"column":68},"end":{"line":161,"column":71}}]},"16":{"line":163,"type":"if","locations":[{"start":{"line":163,"column":1},"end":{"line":163,"column":1}},{"start":{"line":163,"column":1},"end":{"line":163,"column":1}}]},"17":{"line":171,"type":"binary-expr","locations":[{"start":{"line":171,"column":25},"end":{"line":171,"column":47}},{"start":{"line":171,"column":51},"end":{"line":171,"column":54}}]},"18":{"line":172,"type":"binary-expr","locations":[{"start":{"line":172,"column":27},"end":{"line":172,"column":51}},{"start":{"line":172,"column":55},"end":{"line":172,"column":58}}]},"19":{"line":173,"type":"binary-expr","locations":[{"start":{"line":173,"column":26},"end":{"line":173,"column":49}},{"start":{"line":173,"column":53},"end":{"line":173,"column":54}}]},"20":{"line":174,"type":"binary-expr","locations":[{"start":{"line":174,"column":27},"end":{"line":174,"column":51}},{"start":{"line":174,"column":55},"end":{"line":174,"column":58}}]},"21":{"line":175,"type":"binary-expr","locations":[{"start":{"line":175,"column":29},"end":{"line":175,"column":55}},{"start":{"line":175,"column":59},"end":{"line":175,"column":62}}]},"22":{"line":178,"type":"binary-expr","locations":[{"start":{"line":178,"column":18},"end":{"line":178,"column":34}},{"start":{"line":178,"column":38},"end":{"line":178,"column":40}}]},"23":{"line":179,"type":"if","locations":[{"start":{"line":179,"column":1},"end":{"line":179,"column":1}},{"start":{"line":179,"column":1},"end":{"line":179,"column":1}}]},"24":{"line":179,"type":"binary-expr","locations":[{"start":{"line":179,"column":5},"end":{"line":179,"column":38}},{"start":{"line":179,"column":43},"end":{"line":179,"column":78}}]},"25":{"line":183,"type":"binary-expr","locations":[{"start":{"line":183,"column":21},"end":{"line":183,"column":40}},{"start":{"line":183,"column":44},"end":{"line":183,"column":45}}]},"26":{"line":184,"type":"binary-expr","locations":[{"start":{"line":184,"column":23},"end":{"line":184,"column":44}},{"start":{"line":184,"column":48},"end":{"line":184,"column":49}}]},"27":{"line":185,"type":"binary-expr","locations":[{"start":{"line":185,"column":22},"end":{"line":185,"column":42}},{"start":{"line":185,"column":46},"end":{"line":185,"column":47}}]},"28":{"line":186,"type":"binary-expr","locations":[{"start":{"line":186,"column":23},"end":{"line":186,"column":44}},{"start":{"line":186,"column":48},"end":{"line":186,"column":51}}]},"29":{"line":187,"type":"binary-expr","locations":[{"start":{"line":187,"column":25},"end":{"line":187,"column":48}},{"start":{"line":187,"column":52},"end":{"line":187,"column":55}}]},"30":{"line":189,"type":"binary-expr","locations":[{"start":{"line":189,"column":28},"end":{"line":189,"column":54}},{"start":{"line":189,"column":58},"end":{"line":189,"column":62}}]},"31":{"line":190,"type":"binary-expr","locations":[{"start":{"line":190,"column":28},"end":{"line":190,"column":54}},{"start":{"line":190,"column":58},"end":{"line":190,"column":63}}]},"32":{"line":192,"type":"binary-expr","locations":[{"start":{"line":192,"column":16},"end":{"line":192,"column":30}},{"start":{"line":192,"column":34},"end":{"line":192,"column":36}}]},"33":{"line":194,"type":"binary-expr","locations":[{"start":{"line":194,"column":15},"end":{"line":194,"column":28}},{"start":{"line":194,"column":32},"end":{"line":194,"column":37}}]},"34":{"line":196,"type":"binary-expr","locations":[{"start":{"line":196,"column":21},"end":{"line":196,"column":40}},{"start":{"line":196,"column":44},"end":{"line":196,"column":48}}]},"35":{"line":197,"type":"binary-expr","locations":[{"start":{"line":197,"column":28},"end":{"line":197,"column":54}},{"start":{"line":197,"column":58},"end":{"line":197,"column":63}}]},"36":{"line":198,"type":"binary-expr","locations":[{"start":{"line":198,"column":28},"end":{"line":198,"column":54}},{"start":{"line":198,"column":58},"end":{"line":198,"column":63}}]},"37":{"line":200,"type":"binary-expr","locations":[{"start":{"line":200,"column":16},"end":{"line":200,"column":30}},{"start":{"line":200,"column":34},"end":{"line":200,"column":35}}]},"38":{"line":201,"type":"binary-expr","locations":[{"start":{"line":201,"column":16},"end":{"line":201,"column":30}},{"start":{"line":201,"column":34},"end":{"line":201,"column":35}}]},"39":{"line":209,"type":"binary-expr","locations":[{"start":{"line":209,"column":20},"end":{"line":209,"column":38}},{"start":{"line":209,"column":42},"end":{"line":209,"column":47}}]},"40":{"line":368,"type":"if","locations":[{"start":{"line":368,"column":3},"end":{"line":368,"column":3}},{"start":{"line":368,"column":3},"end":{"line":368,"column":3}}]},"41":{"line":372,"type":"if","locations":[{"start":{"line":372,"column":3},"end":{"line":372,"column":3}},{"start":{"line":372,"column":3},"end":{"line":372,"column":3}}]},"42":{"line":383,"type":"if","locations":[{"start":{"line":383,"column":3},"end":{"line":383,"column":3}},{"start":{"line":383,"column":3},"end":{"line":383,"column":3}}]},"43":{"line":410,"type":"if","locations":[{"start":{"line":410,"column":3},"end":{"line":410,"column":3}},{"start":{"line":410,"column":3},"end":{"line":410,"column":3}}]},"44":{"line":411,"type":"cond-expr","locations":[{"start":{"line":411,"column":34},"end":{"line":411,"column":53}},{"start":{"line":411,"column":56},"end":{"line":411,"column":68}}]},"45":{"line":412,"type":"if","locations":[{"start":{"line":412,"column":10},"end":{"line":412,"column":10}},{"start":{"line":412,"column":10},"end":{"line":412,"column":10}}]},"46":{"line":413,"type":"cond-expr","locations":[{"start":{"line":413,"column":34},"end":{"line":413,"column":53}},{"start":{"line":413,"column":56},"end":{"line":413,"column":68}}]},"47":{"line":421,"type":"if","locations":[{"start":{"line":421,"column":3},"end":{"line":421,"column":3}},{"start":{"line":421,"column":3},"end":{"line":421,"column":3}}]},"48":{"line":421,"type":"binary-expr","locations":[{"start":{"line":421,"column":7},"end":{"line":421,"column":18}},{"start":{"line":421,"column":22},"end":{"line":421,"column":34}},{"start":{"line":421,"column":38},"end":{"line":421,"column":50}},{"start":{"line":421,"column":54},"end":{"line":421,"column":66}}]},"49":{"line":423,"type":"binary-expr","locations":[{"start":{"line":423,"column":8},"end":{"line":423,"column":20}},{"start":{"line":423,"column":24},"end":{"line":423,"column":35}}]},"50":{"line":423,"type":"binary-expr","locations":[{"start":{"line":423,"column":40},"end":{"line":423,"column":52}},{"start":{"line":423,"column":56},"end":{"line":423,"column":67}}]},"51":{"line":423,"type":"binary-expr","locations":[{"start":{"line":423,"column":72},"end":{"line":423,"column":84}},{"start":{"line":423,"column":88},"end":{"line":423,"column":99}}]},"52":{"line":449,"type":"if","locations":[{"start":{"line":449,"column":3},"end":{"line":449,"column":3}},{"start":{"line":449,"column":3},"end":{"line":449,"column":3}}]},"53":{"line":456,"type":"if","locations":[{"start":{"line":456,"column":3},"end":{"line":456,"column":3}},{"start":{"line":456,"column":3},"end":{"line":456,"column":3}}]},"54":{"line":456,"type":"binary-expr","locations":[{"start":{"line":456,"column":7},"end":{"line":456,"column":28}},{"start":{"line":456,"column":32},"end":{"line":456,"column":92}}]},"55":{"line":458,"type":"if","locations":[{"start":{"line":458,"column":5},"end":{"line":458,"column":5}},{"start":{"line":458,"column":5},"end":{"line":458,"column":5}}]},"56":{"line":502,"type":"cond-expr","locations":[{"start":{"line":502,"column":46},"end":{"line":502,"column":66}},{"start":{"line":502,"column":69},"end":{"line":502,"column":70}}]},"57":{"line":519,"type":"if","locations":[{"start":{"line":519,"column":2},"end":{"line":519,"column":2}},{"start":{"line":519,"column":2},"end":{"line":519,"column":2}}]},"58":{"line":523,"type":"if","locations":[{"start":{"line":523,"column":3},"end":{"line":523,"column":3}},{"start":{"line":523,"column":3},"end":{"line":523,"column":3}}]},"59":{"line":523,"type":"binary-expr","locations":[{"start":{"line":523,"column":9},"end":{"line":523,"column":23}},{"start":{"line":523,"column":28},"end":{"line":523,"column":53}},{"start":{"line":523,"column":58},"end":{"line":523,"column":82}}]},"60":{"line":552,"type":"if","locations":[{"start":{"line":552,"column":2},"end":{"line":552,"column":2}},{"start":{"line":552,"column":2},"end":{"line":552,"column":2}}]},"61":{"line":555,"type":"if","locations":[{"start":{"line":555,"column":9},"end":{"line":555,"column":9}},{"start":{"line":555,"column":9},"end":{"line":555,"column":9}}]},"62":{"line":555,"type":"binary-expr","locations":[{"start":{"line":555,"column":14},"end":{"line":555,"column":38}},{"start":{"line":555,"column":43},"end":{"line":555,"column":49}}]},"63":{"line":586,"type":"if","locations":[{"start":{"line":586,"column":2},"end":{"line":586,"column":2}},{"start":{"line":586,"column":2},"end":{"line":586,"column":2}}]},"64":{"line":586,"type":"binary-expr","locations":[{"start":{"line":586,"column":7},"end":{"line":586,"column":56}},{"start":{"line":586,"column":62},"end":{"line":586,"column":86}}]},"65":{"line":589,"type":"if","locations":[{"start":{"line":589,"column":9},"end":{"line":589,"column":9}},{"start":{"line":589,"column":9},"end":{"line":589,"column":9}}]},"66":{"line":616,"type":"binary-expr","locations":[{"start":{"line":616,"column":11},"end":{"line":616,"column":48}},{"start":{"line":616,"column":54},"end":{"line":616,"column":89}}]},"67":{"line":632,"type":"if","locations":[{"start":{"line":632,"column":2},"end":{"line":632,"column":2}},{"start":{"line":632,"column":2},"end":{"line":632,"column":2}}]},"68":{"line":632,"type":"binary-expr","locations":[{"start":{"line":632,"column":7},"end":{"line":632,"column":45}},{"start":{"line":632,"column":51},"end":{"line":632,"column":91}}]},"69":{"line":635,"type":"if","locations":[{"start":{"line":635,"column":3},"end":{"line":635,"column":3}},{"start":{"line":635,"column":3},"end":{"line":635,"column":3}}]},"70":{"line":640,"type":"if","locations":[{"start":{"line":640,"column":3},"end":{"line":640,"column":3}},{"start":{"line":640,"column":3},"end":{"line":640,"column":3}}]},"71":{"line":690,"type":"binary-expr","locations":[{"start":{"line":690,"column":11},"end":{"line":690,"column":17}},{"start":{"line":690,"column":21},"end":{"line":690,"column":22}}]},"72":{"line":691,"type":"binary-expr","locations":[{"start":{"line":691,"column":11},"end":{"line":691,"column":17}},{"start":{"line":691,"column":21},"end":{"line":691,"column":22}}]},"73":{"line":692,"type":"binary-expr","locations":[{"start":{"line":692,"column":15},"end":{"line":692,"column":25}},{"start":{"line":692,"column":29},"end":{"line":692,"column":34}}]},"74":{"line":693,"type":"binary-expr","locations":[{"start":{"line":693,"column":16},"end":{"line":693,"column":27}},{"start":{"line":693,"column":31},"end":{"line":693,"column":37}}]},"75":{"line":756,"type":"if","locations":[{"start":{"line":756,"column":2},"end":{"line":756,"column":2}},{"start":{"line":756,"column":2},"end":{"line":756,"column":2}}]},"76":{"line":756,"type":"binary-expr","locations":[{"start":{"line":756,"column":6},"end":{"line":756,"column":16}},{"start":{"line":756,"column":20},"end":{"line":756,"column":25}}]},"77":{"line":781,"type":"if","locations":[{"start":{"line":781,"column":2},"end":{"line":781,"column":2}},{"start":{"line":781,"column":2},"end":{"line":781,"column":2}}]},"78":{"line":781,"type":"binary-expr","locations":[{"start":{"line":781,"column":6},"end":{"line":781,"column":11}},{"start":{"line":781,"column":15},"end":{"line":781,"column":36}},{"start":{"line":781,"column":40},"end":{"line":781,"column":61}},{"start":{"line":781,"column":65},"end":{"line":781,"column":86}}]},"79":{"line":782,"type":"if","locations":[{"start":{"line":782,"column":3},"end":{"line":782,"column":3}},{"start":{"line":782,"column":3},"end":{"line":782,"column":3}}]},"80":{"line":785,"type":"if","locations":[{"start":{"line":785,"column":3},"end":{"line":785,"column":3}},{"start":{"line":785,"column":3},"end":{"line":785,"column":3}}]},"81":{"line":788,"type":"if","locations":[{"start":{"line":788,"column":3},"end":{"line":788,"column":3}},{"start":{"line":788,"column":3},"end":{"line":788,"column":3}}]},"82":{"line":827,"type":"cond-expr","locations":[{"start":{"line":827,"column":35},"end":{"line":827,"column":53}},{"start":{"line":827,"column":56},"end":{"line":827,"column":96}}]},"83":{"line":853,"type":"cond-expr","locations":[{"start":{"line":853,"column":33},"end":{"line":853,"column":59}},{"start":{"line":853,"column":62},"end":{"line":853,"column":68}}]},"84":{"line":867,"type":"cond-expr","locations":[{"start":{"line":867,"column":34},"end":{"line":867,"column":45}},{"start":{"line":867,"column":49},"end":{"line":867,"column":54}}]},"85":{"line":893,"type":"if","locations":[{"start":{"line":893,"column":2},"end":{"line":893,"column":2}},{"start":{"line":893,"column":2},"end":{"line":893,"column":2}}]},"86":{"line":893,"type":"binary-expr","locations":[{"start":{"line":893,"column":7},"end":{"line":893,"column":17}},{"start":{"line":893,"column":23},"end":{"line":893,"column":33}}]},"87":{"line":904,"type":"if","locations":[{"start":{"line":904,"column":5},"end":{"line":904,"column":5}},{"start":{"line":904,"column":5},"end":{"line":904,"column":5}}]},"88":{"line":904,"type":"binary-expr","locations":[{"start":{"line":904,"column":10},"end":{"line":904,"column":22}},{"start":{"line":904,"column":28},"end":{"line":904,"column":40}}]},"89":{"line":914,"type":"if","locations":[{"start":{"line":914,"column":6},"end":{"line":914,"column":6}},{"start":{"line":914,"column":6},"end":{"line":914,"column":6}}]},"90":{"line":914,"type":"binary-expr","locations":[{"start":{"line":914,"column":11},"end":{"line":914,"column":65}},{"start":{"line":914,"column":71},"end":{"line":914,"column":107}}]},"91":{"line":972,"type":"if","locations":[{"start":{"line":972,"column":4},"end":{"line":972,"column":4}},{"start":{"line":972,"column":4},"end":{"line":972,"column":4}}]},"92":{"line":974,"type":"if","locations":[{"start":{"line":974,"column":5},"end":{"line":974,"column":5}},{"start":{"line":974,"column":5},"end":{"line":974,"column":5}}]},"93":{"line":974,"type":"binary-expr","locations":[{"start":{"line":974,"column":9},"end":{"line":974,"column":123}},{"start":{"line":974,"column":127},"end":{"line":974,"column":241}}]},"94":{"line":1042,"type":"if","locations":[{"start":{"line":1042,"column":2},"end":{"line":1042,"column":2}},{"start":{"line":1042,"column":2},"end":{"line":1042,"column":2}}]},"95":{"line":1047,"type":"if","locations":[{"start":{"line":1047,"column":9},"end":{"line":1047,"column":9}},{"start":{"line":1047,"column":9},"end":{"line":1047,"column":9}}]}}}}