TN:
SF:/Users/erz/code/yahoo/blink-diff/index.js
FN:115,BlinkDiff
FN:271,(anonymous_2)
FN:291,(anonymous_3)
FN:296,(anonymous_4)
FN:301,(anonymous_5)
FN:304,(anonymous_6)
FN:308,(anonymous_7)
FN:378,(anonymous_8)
FN:390,(anonymous_9)
FN:406,(anonymous_10)
FN:443,(anonymous_11)
FN:461,(anonymous_12)
FN:480,(anonymous_13)
FN:499,(anonymous_14)
FN:511,(anonymous_15)
FN:524,(anonymous_16)
FN:561,(anonymous_17)
FN:584,(anonymous_18)
FN:623,(anonymous_19)
FN:645,(anonymous_20)
FN:674,(anonymous_21)
FN:707,(anonymous_22)
FN:726,(anonymous_23)
FN:730,f
FN:755,(anonymous_25)
FN:768,(anonymous_26)
FN:790,(anonymous_27)
FN:867,(anonymous_28)
FN:935,(anonymous_29)
FNF:29
FNH:26
FNDA:83,BlinkDiff
FNDA:1,(anonymous_2)
FNDA:11,(anonymous_3)
FNDA:0,(anonymous_4)
FNDA:11,(anonymous_5)
FNDA:11,(anonymous_6)
FNDA:11,(anonymous_7)
FNDA:1,(anonymous_8)
FNDA:0,(anonymous_9)
FNDA:11,(anonymous_10)
FNDA:25,(anonymous_11)
FNDA:11,(anonymous_12)
FNDA:15,(anonymous_13)
FNDA:44,(anonymous_14)
FNDA:4,(anonymous_15)
FNDA:16,(anonymous_16)
FNDA:5,(anonymous_17)
FNDA:23,(anonymous_18)
FNDA:197,(anonymous_19)
FNDA:252,(anonymous_20)
FNDA:0,(anonymous_21)
FNDA:84,(anonymous_22)
FNDA:1,(anonymous_23)
FNDA:3,f
FNDA:56,(anonymous_25)
FNDA:56,(anonymous_26)
FNDA:40,(anonymous_27)
FNDA:17,(anonymous_28)
FNDA:14,(anonymous_29)
DA:4,1
DA:115,1
DA:117,83
DA:118,83
DA:119,83
DA:121,83
DA:122,83
DA:123,83
DA:125,83
DA:126,83
DA:129,83
DA:132,83
DA:134,83
DA:136,83
DA:137,83
DA:138,83
DA:139,83
DA:140,83
DA:142,83
DA:143,83
DA:144,83
DA:145,83
DA:146,83
DA:148,83
DA:149,0
DA:150,0
DA:151,0
DA:152,0
DA:153,0
DA:156,83
DA:157,83
DA:158,83
DA:159,83
DA:160,83
DA:163,83
DA:164,83
DA:166,83
DA:168,83
DA:170,83
DA:171,83
DA:172,83
DA:174,83
DA:175,83
DA:177,83
DA:178,83
DA:181,83
DA:183,83
DA:185,83
DA:186,83
DA:187,83
DA:188,83
DA:199,1
DA:209,1
DA:218,1
DA:228,1
DA:237,1
DA:246,1
DA:255,1
DA:258,1
DA:272,1
DA:293,11
DA:296,11
DA:297,0
DA:298,0
DA:301,11
DA:302,11
DA:305,11
DA:306,11
DA:309,11
DA:311,11
DA:314,11
DA:315,2
DA:316,2
DA:318,11
DA:319,2
DA:320,2
DA:324,11
DA:326,11
DA:328,11
DA:329,9
DA:330,2
DA:331,1
DA:334,11
DA:335,11
DA:337,11
DA:338,0
DA:345,11
DA:374,11
DA:377,11
DA:378,1
DA:379,1
DA:380,0
DA:382,1
DA:383,1
DA:387,10
DA:391,0
DA:392,0
DA:408,11
DA:412,11
DA:413,0
DA:414,0
DA:416,0
DA:417,0
DA:419,0
DA:420,0
DA:421,0
DA:423,0
DA:425,0
DA:426,0
DA:427,0
DA:431,11
DA:444,25
DA:445,23
DA:446,2
DA:447,1
DA:449,1
DA:462,11
DA:482,15
DA:483,7
DA:485,8
DA:486,2
DA:489,6
DA:512,4
DA:526,16
DA:529,16
DA:531,15
DA:532,15
DA:533,2
DA:536,15
DA:537,15
DA:538,3
DA:541,15
DA:543,15
DA:544,15
DA:563,5
DA:565,5
DA:587,23
DA:588,23
DA:589,23
DA:590,23
DA:593,23
DA:594,23
DA:595,23
DA:596,23
DA:599,23
DA:600,23
DA:601,23
DA:602,23
DA:624,197
DA:626,197
DA:627,197
DA:628,197
DA:629,197
DA:631,197
DA:647,252
DA:649,252
DA:656,252
DA:657,0
DA:658,0
DA:659,0
DA:662,252
DA:677,0
DA:684,0
DA:685,0
DA:686,0
DA:688,0
DA:689,0
DA:691,0
DA:692,0
DA:696,0
DA:708,84
DA:710,84
DA:711,84
DA:712,84
DA:713,84
DA:715,84
DA:727,1
DA:730,1
DA:731,3
DA:734,1
DA:735,1
DA:736,1
DA:738,1
DA:739,1
DA:740,1
DA:741,1
DA:743,1
DA:756,56
DA:769,56
DA:792,40
DA:800,40
DA:802,28
DA:803,28
DA:805,28
DA:806,28
DA:808,28
DA:809,52
DA:811,98
DA:813,70
DA:815,70
DA:816,70
DA:818,70
DA:819,70
DA:821,70
DA:822,8
DA:829,32
DA:868,17
DA:874,17
DA:875,29
DA:876,56
DA:878,56
DA:879,56
DA:881,56
DA:883,56
DA:885,32
DA:887,0
DA:889,32
DA:890,32
DA:894,24
DA:899,17
DA:937,14
DA:946,14
DA:947,14
DA:948,14
DA:951,14
DA:967,14
DA:968,5
DA:969,5
DA:970,5
DA:972,9
DA:973,5
DA:974,5
DA:975,5
DA:976,5
DA:979,4
DA:980,4
DA:981,4
DA:982,4
DA:987,1
LF:239
LH:204
BRDA:119,1,0,83
BRDA:119,1,1,1
BRDA:123,2,0,83
BRDA:123,2,1,1
BRDA:129,3,0,83
BRDA:129,3,1,83
BRDA:132,4,0,83
BRDA:132,4,1,83
BRDA:134,5,0,83
BRDA:134,5,1,83
BRDA:136,6,0,83
BRDA:136,6,1,83
BRDA:137,7,0,83
BRDA:137,7,1,83
BRDA:138,8,0,83
BRDA:138,8,1,83
BRDA:139,9,0,83
BRDA:139,9,1,83
BRDA:140,10,0,83
BRDA:140,10,1,83
BRDA:142,11,0,83
BRDA:142,11,1,83
BRDA:143,12,0,83
BRDA:143,12,1,83
BRDA:144,13,0,83
BRDA:144,13,1,83
BRDA:146,14,0,83
BRDA:146,14,1,83
BRDA:148,15,0,0
BRDA:148,15,1,83
BRDA:156,16,0,83
BRDA:156,16,1,83
BRDA:157,17,0,83
BRDA:157,17,1,83
BRDA:158,18,0,83
BRDA:158,18,1,83
BRDA:159,19,0,83
BRDA:159,19,1,83
BRDA:160,20,0,83
BRDA:160,20,1,83
BRDA:163,21,0,83
BRDA:163,21,1,83
BRDA:164,22,0,83
BRDA:164,22,1,83
BRDA:166,23,0,83
BRDA:166,23,1,83
BRDA:168,24,0,83
BRDA:168,24,1,83
BRDA:170,25,0,83
BRDA:170,25,1,83
BRDA:171,26,0,83
BRDA:171,26,1,83
BRDA:172,27,0,83
BRDA:172,27,1,83
BRDA:174,28,0,83
BRDA:174,28,1,83
BRDA:175,29,0,83
BRDA:175,29,1,83
BRDA:183,30,0,83
BRDA:183,30,1,83
BRDA:314,31,0,2
BRDA:314,31,1,9
BRDA:318,32,0,2
BRDA:318,32,1,9
BRDA:328,33,0,9
BRDA:328,33,1,2
BRDA:330,34,0,1
BRDA:330,34,1,1
BRDA:337,35,0,0
BRDA:337,35,1,11
BRDA:337,36,0,11
BRDA:337,36,1,11
BRDA:337,36,2,11
BRDA:337,36,3,11
BRDA:339,37,0,0
BRDA:339,37,1,0
BRDA:340,38,0,0
BRDA:340,38,1,0
BRDA:341,39,0,0
BRDA:341,39,1,0
BRDA:377,40,0,1
BRDA:377,40,1,10
BRDA:379,41,0,0
BRDA:379,41,1,1
BRDA:412,42,0,0
BRDA:412,42,1,11
BRDA:416,43,0,0
BRDA:416,43,1,0
BRDA:416,44,0,0
BRDA:416,44,1,0
BRDA:416,44,2,0
BRDA:444,45,0,23
BRDA:444,45,1,2
BRDA:446,46,0,1
BRDA:446,46,1,1
BRDA:482,47,0,7
BRDA:482,47,1,8
BRDA:482,48,0,15
BRDA:482,48,1,12
BRDA:485,49,0,2
BRDA:485,49,1,6
BRDA:512,50,0,4
BRDA:512,50,1,3
BRDA:529,51,0,15
BRDA:529,51,1,1
BRDA:529,52,0,16
BRDA:529,52,1,3
BRDA:532,53,0,2
BRDA:532,53,1,13
BRDA:537,54,0,3
BRDA:537,54,1,12
BRDA:587,55,0,23
BRDA:587,55,1,6
BRDA:588,56,0,23
BRDA:588,56,1,6
BRDA:589,57,0,23
BRDA:589,57,1,2
BRDA:590,58,0,23
BRDA:590,58,1,2
BRDA:656,59,0,0
BRDA:656,59,1,252
BRDA:656,60,0,252
BRDA:656,60,1,252
BRDA:684,61,0,0
BRDA:684,61,1,0
BRDA:684,62,0,0
BRDA:684,62,1,0
BRDA:684,62,2,0
BRDA:684,62,3,0
BRDA:685,63,0,0
BRDA:685,63,1,0
BRDA:688,64,0,0
BRDA:688,64,1,0
BRDA:691,65,0,0
BRDA:691,65,1,0
BRDA:731,66,0,3
BRDA:731,66,1,0
BRDA:756,67,0,56
BRDA:756,67,1,0
BRDA:769,68,0,56
BRDA:769,68,1,0
BRDA:800,69,0,28
BRDA:800,69,1,12
BRDA:800,70,0,40
BRDA:800,70,1,12
BRDA:811,71,0,70
BRDA:811,71,1,28
BRDA:811,72,0,98
BRDA:811,72,1,54
BRDA:821,73,0,8
BRDA:821,73,1,62
BRDA:821,74,0,70
BRDA:821,74,1,8
BRDA:883,75,0,32
BRDA:883,75,1,24
BRDA:885,76,0,0
BRDA:885,76,1,32
BRDA:885,77,0,32
BRDA:885,77,1,8
BRDA:967,78,0,5
BRDA:967,78,1,9
BRDA:972,79,0,5
BRDA:972,79,1,4
BRF:163
BRH:131
end_of_record
