TN:
SF:/Users/erz/code/yahoo/blink-diff/index.js
FN:129,BlinkDiff
FN:325,(anonymous_2)
FN:345,(anonymous_3)
FN:350,(anonymous_4)
FN:355,(anonymous_5)
FN:358,(anonymous_6)
FN:362,(anonymous_7)
FN:471,(anonymous_8)
FN:483,(anonymous_9)
FN:498,(anonymous_10)
FN:510,(anonymous_11)
FN:532,(anonymous_12)
FN:569,(anonymous_13)
FN:590,(anonymous_14)
FN:609,(anonymous_15)
FN:628,(anonymous_16)
FN:640,(anonymous_17)
FN:653,(anonymous_18)
FN:690,(anonymous_19)
FN:713,(anonymous_20)
FN:752,(anonymous_21)
FN:774,(anonymous_22)
FN:803,(anonymous_23)
FN:836,(anonymous_24)
FN:855,(anonymous_25)
FN:859,f
FN:884,(anonymous_27)
FN:897,(anonymous_28)
FN:919,(anonymous_29)
FN:996,(anonymous_30)
FN:1064,(anonymous_31)
FNF:31
FNH:28
FNDA:83,BlinkDiff
FNDA:1,(anonymous_2)
FNDA:11,(anonymous_3)
FNDA:0,(anonymous_4)
FNDA:11,(anonymous_5)
FNDA:11,(anonymous_6)
FNDA:11,(anonymous_7)
FNDA:1,(anonymous_8)
FNDA:0,(anonymous_9)
FNDA:1,(anonymous_10)
FNDA:1,(anonymous_11)
FNDA:11,(anonymous_12)
FNDA:25,(anonymous_13)
FNDA:11,(anonymous_14)
FNDA:15,(anonymous_15)
FNDA:44,(anonymous_16)
FNDA:4,(anonymous_17)
FNDA:16,(anonymous_18)
FNDA:5,(anonymous_19)
FNDA:23,(anonymous_20)
FNDA:197,(anonymous_21)
FNDA:252,(anonymous_22)
FNDA:0,(anonymous_23)
FNDA:84,(anonymous_24)
FNDA:1,(anonymous_25)
FNDA:3,f
FNDA:56,(anonymous_27)
FNDA:56,(anonymous_28)
FNDA:40,(anonymous_29)
FNDA:17,(anonymous_30)
FNDA:14,(anonymous_31)
DA:4,1
DA:129,1
DA:131,83
DA:132,83
DA:133,83
DA:135,83
DA:136,83
DA:137,83
DA:139,83
DA:140,83
DA:141,83
DA:144,83
DA:147,83
DA:149,83
DA:151,83
DA:152,83
DA:153,83
DA:154,83
DA:155,83
DA:157,83
DA:158,83
DA:159,83
DA:160,83
DA:161,83
DA:163,83
DA:164,0
DA:165,0
DA:166,0
DA:167,0
DA:168,0
DA:171,83
DA:172,83
DA:173,83
DA:174,83
DA:175,83
DA:178,83
DA:179,83
DA:180,0
DA:183,83
DA:184,83
DA:185,83
DA:186,83
DA:187,83
DA:189,83
DA:190,83
DA:192,83
DA:194,83
DA:196,83
DA:197,83
DA:198,83
DA:200,83
DA:201,83
DA:203,83
DA:204,83
DA:207,83
DA:209,83
DA:211,83
DA:212,83
DA:213,83
DA:214,83
DA:225,1
DA:235,1
DA:244,1
DA:254,1
DA:263,1
DA:272,1
DA:281,1
DA:291,1
DA:300,1
DA:309,1
DA:312,1
DA:326,1
DA:347,11
DA:350,11
DA:351,0
DA:352,0
DA:355,11
DA:356,11
DA:359,11
DA:360,11
DA:364,11
DA:369,11
DA:372,11
DA:373,2
DA:374,2
DA:376,11
DA:377,2
DA:378,2
DA:382,11
DA:384,11
DA:387,11
DA:388,0
DA:389,0
DA:391,11
DA:392,11
DA:396,11
DA:403,11
DA:404,0
DA:407,0
DA:409,0
DA:410,0
DA:414,11
DA:415,9
DA:416,2
DA:417,1
DA:421,11
DA:422,11
DA:425,11
DA:426,0
DA:434,11
DA:463,11
DA:464,0
DA:466,11
DA:470,11
DA:471,1
DA:472,1
DA:473,0
DA:475,1
DA:476,1
DA:480,10
DA:484,0
DA:485,0
DA:499,1
DA:512,1
DA:519,1
DA:534,11
DA:538,11
DA:539,0
DA:540,0
DA:542,0
DA:543,0
DA:545,0
DA:546,0
DA:547,0
DA:549,0
DA:551,0
DA:552,0
DA:553,0
DA:557,11
DA:571,25
DA:572,1
DA:574,24
DA:575,1
DA:578,23
DA:591,11
DA:611,15
DA:612,7
DA:614,8
DA:615,2
DA:618,6
DA:641,4
DA:655,16
DA:658,16
DA:660,15
DA:661,15
DA:662,2
DA:665,15
DA:666,15
DA:667,3
DA:670,15
DA:672,15
DA:673,15
DA:692,5
DA:694,5
DA:716,23
DA:717,23
DA:718,23
DA:719,23
DA:722,23
DA:723,23
DA:724,23
DA:725,23
DA:728,23
DA:729,23
DA:730,23
DA:731,23
DA:753,197
DA:755,197
DA:756,197
DA:757,197
DA:758,197
DA:760,197
DA:776,252
DA:778,252
DA:785,252
DA:786,0
DA:787,0
DA:788,0
DA:791,252
DA:806,0
DA:813,0
DA:814,0
DA:815,0
DA:817,0
DA:818,0
DA:820,0
DA:821,0
DA:825,0
DA:837,84
DA:839,84
DA:840,84
DA:841,84
DA:842,84
DA:844,84
DA:856,1
DA:859,1
DA:860,3
DA:863,1
DA:864,1
DA:865,1
DA:867,1
DA:868,1
DA:869,1
DA:870,1
DA:872,1
DA:885,56
DA:898,56
DA:921,40
DA:929,40
DA:931,28
DA:932,28
DA:934,28
DA:935,28
DA:937,28
DA:938,52
DA:940,98
DA:942,70
DA:944,70
DA:945,70
DA:947,70
DA:948,70
DA:950,70
DA:951,8
DA:958,32
DA:997,17
DA:1003,17
DA:1004,29
DA:1005,56
DA:1007,56
DA:1008,56
DA:1010,56
DA:1012,56
DA:1014,32
DA:1016,0
DA:1018,32
DA:1019,32
DA:1023,24
DA:1028,17
DA:1066,14
DA:1075,14
DA:1076,14
DA:1077,14
DA:1080,14
DA:1096,14
DA:1097,5
DA:1098,5
DA:1099,5
DA:1101,9
DA:1102,5
DA:1103,5
DA:1104,5
DA:1105,5
DA:1108,4
DA:1109,4
DA:1110,4
DA:1111,4
DA:1116,1
LF:267
LH:224
BRDA:133,1,0,83
BRDA:133,1,1,1
BRDA:137,2,0,83
BRDA:137,2,1,1
BRDA:141,3,0,83
BRDA:141,3,1,83
BRDA:144,4,0,83
BRDA:144,4,1,83
BRDA:147,5,0,83
BRDA:147,5,1,83
BRDA:149,6,0,83
BRDA:149,6,1,83
BRDA:151,7,0,83
BRDA:151,7,1,83
BRDA:152,8,0,83
BRDA:152,8,1,83
BRDA:153,9,0,83
BRDA:153,9,1,83
BRDA:154,10,0,83
BRDA:154,10,1,83
BRDA:155,11,0,83
BRDA:155,11,1,83
BRDA:157,12,0,83
BRDA:157,12,1,83
BRDA:158,13,0,83
BRDA:158,13,1,83
BRDA:159,14,0,83
BRDA:159,14,1,83
BRDA:161,15,0,83
BRDA:161,15,1,83
BRDA:163,16,0,0
BRDA:163,16,1,83
BRDA:171,17,0,83
BRDA:171,17,1,83
BRDA:172,18,0,83
BRDA:172,18,1,83
BRDA:173,19,0,83
BRDA:173,19,1,83
BRDA:174,20,0,83
BRDA:174,20,1,83
BRDA:175,21,0,83
BRDA:175,21,1,83
BRDA:178,22,0,83
BRDA:178,22,1,83
BRDA:179,23,0,0
BRDA:179,23,1,83
BRDA:179,24,0,83
BRDA:179,24,1,0
BRDA:183,25,0,83
BRDA:183,25,1,83
BRDA:184,26,0,83
BRDA:184,26,1,83
BRDA:185,27,0,83
BRDA:185,27,1,83
BRDA:186,28,0,83
BRDA:186,28,1,83
BRDA:187,29,0,83
BRDA:187,29,1,83
BRDA:189,30,0,83
BRDA:189,30,1,83
BRDA:190,31,0,83
BRDA:190,31,1,83
BRDA:192,32,0,83
BRDA:192,32,1,83
BRDA:194,33,0,83
BRDA:194,33,1,83
BRDA:196,34,0,83
BRDA:196,34,1,83
BRDA:197,35,0,83
BRDA:197,35,1,83
BRDA:198,36,0,83
BRDA:198,36,1,83
BRDA:200,37,0,83
BRDA:200,37,1,83
BRDA:201,38,0,83
BRDA:201,38,1,83
BRDA:209,39,0,83
BRDA:209,39,1,83
BRDA:372,40,0,2
BRDA:372,40,1,9
BRDA:376,41,0,2
BRDA:376,41,1,9
BRDA:387,42,0,0
BRDA:387,42,1,11
BRDA:414,43,0,9
BRDA:414,43,1,2
BRDA:415,44,0,0
BRDA:415,44,1,9
BRDA:416,45,0,1
BRDA:416,45,1,1
BRDA:417,46,0,0
BRDA:417,46,1,1
BRDA:425,47,0,0
BRDA:425,47,1,11
BRDA:425,48,0,11
BRDA:425,48,1,11
BRDA:425,48,2,11
BRDA:425,48,3,11
BRDA:427,49,0,0
BRDA:427,49,1,0
BRDA:428,50,0,0
BRDA:428,50,1,0
BRDA:429,51,0,0
BRDA:429,51,1,0
BRDA:463,52,0,0
BRDA:463,52,1,11
BRDA:470,53,0,1
BRDA:470,53,1,10
BRDA:470,54,0,11
BRDA:470,54,1,1
BRDA:472,55,0,0
BRDA:472,55,1,1
BRDA:519,56,0,1
BRDA:519,56,1,0
BRDA:538,57,0,0
BRDA:538,57,1,11
BRDA:542,58,0,0
BRDA:542,58,1,0
BRDA:542,59,0,0
BRDA:542,59,1,0
BRDA:542,59,2,0
BRDA:571,60,0,1
BRDA:571,60,1,24
BRDA:574,61,0,1
BRDA:574,61,1,23
BRDA:574,62,0,24
BRDA:574,62,1,24
BRDA:611,63,0,7
BRDA:611,63,1,8
BRDA:611,64,0,15
BRDA:611,64,1,12
BRDA:614,65,0,2
BRDA:614,65,1,6
BRDA:641,66,0,4
BRDA:641,66,1,3
BRDA:658,67,0,15
BRDA:658,67,1,1
BRDA:658,68,0,16
BRDA:658,68,1,3
BRDA:661,69,0,2
BRDA:661,69,1,13
BRDA:666,70,0,3
BRDA:666,70,1,12
BRDA:716,71,0,23
BRDA:716,71,1,6
BRDA:717,72,0,23
BRDA:717,72,1,6
BRDA:718,73,0,23
BRDA:718,73,1,2
BRDA:719,74,0,23
BRDA:719,74,1,2
BRDA:785,75,0,0
BRDA:785,75,1,252
BRDA:785,76,0,252
BRDA:785,76,1,252
BRDA:813,77,0,0
BRDA:813,77,1,0
BRDA:813,78,0,0
BRDA:813,78,1,0
BRDA:813,78,2,0
BRDA:813,78,3,0
BRDA:814,79,0,0
BRDA:814,79,1,0
BRDA:817,80,0,0
BRDA:817,80,1,0
BRDA:820,81,0,0
BRDA:820,81,1,0
BRDA:860,82,0,3
BRDA:860,82,1,0
BRDA:885,83,0,56
BRDA:885,83,1,0
BRDA:898,84,0,56
BRDA:898,84,1,0
BRDA:929,85,0,28
BRDA:929,85,1,12
BRDA:929,86,0,40
BRDA:929,86,1,12
BRDA:940,87,0,70
BRDA:940,87,1,28
BRDA:940,88,0,98
BRDA:940,88,1,54
BRDA:950,89,0,8
BRDA:950,89,1,62
BRDA:950,90,0,70
BRDA:950,90,1,8
BRDA:1012,91,0,32
BRDA:1012,91,1,24
BRDA:1014,92,0,0
BRDA:1014,92,1,32
BRDA:1014,93,0,32
BRDA:1014,93,1,8
BRDA:1096,94,0,5
BRDA:1096,94,1,9
BRDA:1101,95,0,5
BRDA:1101,95,1,4
BRF:195
BRH:156
end_of_record
